 
****************************************
Report : timing
        -path full
        -delay max
        -max_paths 1
Design : SYS_TOP
Version: K-2015.06
Date   : Sat Aug 17 21:32:35 2024
****************************************

Operating Conditions: scmetro_tsmc_cl013g_rvt_ss_1p08v_125c   Library: scmetro_tsmc_cl013g_rvt_ss_1p08v_125c
Wire Load Model Mode: top

  Startpoint: ALU_U0/ALU_OUT_reg_0_
              (rising edge-triggered flip-flop clocked by ALU_CLK)
  Endpoint: ALU_U0/ALU_OUT_reg_1_
            (rising edge-triggered flip-flop clocked by ALU_CLK)
  Path Group: ALU_CLK
  Path Type: max

  Point                                                   Incr       Path
  --------------------------------------------------------------------------
  clock ALU_CLK (rise edge)                               0.00       0.00
  clock network delay (ideal)                             0.00       0.00
  ALU_U0/ALU_OUT_reg_0_/CK (SDFFRQX2M)                    0.00       0.00 r
  ALU_U0/ALU_OUT_reg_0_/Q (SDFFRQX2M)                     0.42       0.42 f
  ALU_U0/ALU_OUT_reg_1_/SI (SDFFRQX2M)                    0.00       0.42 f
  data arrival time                                                  0.42

  clock ALU_CLK (rise edge)                              20.00      20.00
  clock network delay (ideal)                             0.00      20.00
  ALU_U0/ALU_OUT_reg_1_/CK (SDFFRQX2M)                    0.00      20.00 r
  library setup time                                     -0.52      19.48
  data required time                                                19.48
  --------------------------------------------------------------------------
  data required time                                                19.48
  data arrival time                                                 -0.42
  --------------------------------------------------------------------------
  slack (MET)                                                       19.06


  Startpoint: SE[4] (input port clocked by SCAN_CLK)
  Endpoint: sys_ctrl_U0/ALU_FUN_reg_3_
            (rising edge-triggered flip-flop clocked by SCAN_CLK)
  Path Group: SCAN_CLK
  Path Type: max

  Point                                                   Incr       Path
  --------------------------------------------------------------------------
  clock SCAN_CLK (rise edge)                              0.00       0.00
  clock network delay (ideal)                             0.00       0.00
  input external delay                                   20.00      20.00 r
  SE[4] (in)                                              0.52      20.52 r
  U31/Y (INVXLM)                                          0.17      20.69 f
  U33/Y (INVXLM)                                          0.11      20.80 r
  U20/Y (DLY1X1M)                                         1.06      21.85 r
  U27/Y (INVXLM)                                          0.18      22.04 f
  U28/Y (INVXLM)                                          0.12      22.16 r
  U26/Y (DLY1X1M)                                         1.06      23.22 r
  sys_ctrl_U0/test_se (sys_ctrl_IN_WIDTH16_WIDTH8_test_1)
                                                          0.00      23.22 r
  sys_ctrl_U0/U23/Y (INVXLM)                              0.10      23.31 f
  sys_ctrl_U0/U213/Y (INVXLM)                             0.16      23.47 r
  sys_ctrl_U0/ALU_FUN_reg_3_/SE (SDFFRQX2M)               0.00      23.47 r
  data arrival time                                                 23.47

  clock SCAN_CLK (rise edge)                            100.00     100.00
  clock network delay (ideal)                             0.00     100.00
  clock uncertainty                                      -0.20      99.80
  sys_ctrl_U0/ALU_FUN_reg_3_/CK (SDFFRQX2M)               0.00      99.80 r
  library setup time                                     -0.56      99.24
  data required time                                                99.24
  --------------------------------------------------------------------------
  data required time                                                99.24
  data arrival time                                                -23.47
  --------------------------------------------------------------------------
  slack (MET)                                                       75.77


1
