 
****************************************
Report : Attribute
Design : SYS_TOP
Version: K-2015.06
Date   : Thu Aug 15 21:36:54 2024
****************************************

Design          Object             Type      Attribute Name            Value
--------------------------------------------------------------------------------
SYS_TOP         REF_CLK            port      pin_on_clock_network_per_scn
                                                                       true
SYS_TOP         RX_IN              port      driving_cell_max_rise_itrans_fall
                                                                       0.000000
SYS_TOP         RX_IN              port      driving_cell_max_rise_itrans_rise
                                                                       0.000000
SYS_TOP         RX_IN              port      driving_cell_pin_rise     Y
SYS_TOP         RX_IN              port      driving_cell_library_rise scmetro_tsmc_cl013g_rvt_ss_1p08v_125c
SYS_TOP         RX_IN              port      driving_cell_rise         BUFX2M
SYS_TOP         RX_IN              port      driving_cell_max_fall_itrans_fall
                                                                       0.000000
SYS_TOP         RX_IN              port      driving_cell_max_fall_itrans_rise
                                                                       0.000000
SYS_TOP         RX_IN              port      driving_cell_multiplier   1.000000
SYS_TOP         RX_IN              port      driving_cell_dont_scale   false
SYS_TOP         RX_IN              port      driving_cell_no_drc       false
SYS_TOP         RX_IN              port      driving_cell_pin_fall     Y
SYS_TOP         RX_IN              port      driving_cell_library_fall scmetro_tsmc_cl013g_rvt_ss_1p08v_125c
SYS_TOP         RX_IN              port      driving_cell_fall         BUFX2M
SYS_TOP         TX_OUT             port      load                      0.100000
SYS_TOP         UART_CLK           port      pin_on_clock_network_per_scn
                                                                       true

1
