**************************************************
Report         : passing_points

Reference      : Ref:/WORK/SYS_TOP
Implementation : Imp:/WORK/SYS_TOP
Version        : L-2016.03-SP1
Date           : Sat Aug 17 18:15:15 2024
**************************************************

450 Passing compare points:

  Ref  LAT        Ref:/WORK/SYS_TOP/U0_CLK_GATE/U0_TLATNCAX12M
  Impl LAT        Imp:/WORK/SYS_TOP/U0_CLK_GATE/U0_TLATNCAX12M

  Ref  DFF        Ref:/WORK/SYS_TOP/ALU_U0/ALU_OUT_reg[0]
  Impl DFF        Imp:/WORK/SYS_TOP/ALU_U0/ALU_OUT_reg_0_

  Ref  DFF        Ref:/WORK/SYS_TOP/ALU_U0/ALU_OUT_reg[10]
  Impl DFF        Imp:/WORK/SYS_TOP/ALU_U0/ALU_OUT_reg_10_

  Ref  DFF        Ref:/WORK/SYS_TOP/ALU_U0/ALU_OUT_reg[11]
  Impl DFF        Imp:/WORK/SYS_TOP/ALU_U0/ALU_OUT_reg_11_

  Ref  DFF        Ref:/WORK/SYS_TOP/ALU_U0/ALU_OUT_reg[12]
  Impl DFF        Imp:/WORK/SYS_TOP/ALU_U0/ALU_OUT_reg_12_

  Ref  DFF        Ref:/WORK/SYS_TOP/ALU_U0/ALU_OUT_reg[13]
  Impl DFF        Imp:/WORK/SYS_TOP/ALU_U0/ALU_OUT_reg_13_

  Ref  DFF        Ref:/WORK/SYS_TOP/ALU_U0/ALU_OUT_reg[14]
  Impl DFF        Imp:/WORK/SYS_TOP/ALU_U0/ALU_OUT_reg_14_

  Ref  DFF        Ref:/WORK/SYS_TOP/ALU_U0/ALU_OUT_reg[15]
  Impl DFF        Imp:/WORK/SYS_TOP/ALU_U0/ALU_OUT_reg_15_

  Ref  DFF        Ref:/WORK/SYS_TOP/ALU_U0/ALU_OUT_reg[1]
  Impl DFF        Imp:/WORK/SYS_TOP/ALU_U0/ALU_OUT_reg_1_

  Ref  DFF        Ref:/WORK/SYS_TOP/ALU_U0/ALU_OUT_reg[2]
  Impl DFF        Imp:/WORK/SYS_TOP/ALU_U0/ALU_OUT_reg_2_

  Ref  DFF        Ref:/WORK/SYS_TOP/ALU_U0/ALU_OUT_reg[3]
  Impl DFF        Imp:/WORK/SYS_TOP/ALU_U0/ALU_OUT_reg_3_

  Ref  DFF        Ref:/WORK/SYS_TOP/ALU_U0/ALU_OUT_reg[4]
  Impl DFF        Imp:/WORK/SYS_TOP/ALU_U0/ALU_OUT_reg_4_

  Ref  DFF        Ref:/WORK/SYS_TOP/ALU_U0/ALU_OUT_reg[5]
  Impl DFF        Imp:/WORK/SYS_TOP/ALU_U0/ALU_OUT_reg_5_

  Ref  DFF        Ref:/WORK/SYS_TOP/ALU_U0/ALU_OUT_reg[6]
  Impl DFF        Imp:/WORK/SYS_TOP/ALU_U0/ALU_OUT_reg_6_

  Ref  DFF        Ref:/WORK/SYS_TOP/ALU_U0/ALU_OUT_reg[7]
  Impl DFF        Imp:/WORK/SYS_TOP/ALU_U0/ALU_OUT_reg_7_

  Ref  DFF        Ref:/WORK/SYS_TOP/ALU_U0/ALU_OUT_reg[8]
  Impl DFF        Imp:/WORK/SYS_TOP/ALU_U0/ALU_OUT_reg_8_

  Ref  DFF        Ref:/WORK/SYS_TOP/ALU_U0/ALU_OUT_reg[9]
  Impl DFF        Imp:/WORK/SYS_TOP/ALU_U0/ALU_OUT_reg_9_

  Ref  DFF        Ref:/WORK/SYS_TOP/ALU_U0/OUT_VALID_reg
  Impl DFF        Imp:/WORK/SYS_TOP/ALU_U0/OUT_VALID_reg

  Ref  DFF        Ref:/WORK/SYS_TOP/FIFO_TOP_U0/DF_SYNC_rd/pointer_2_reg[0]
  Impl DFF        Imp:/WORK/SYS_TOP/FIFO_TOP_U0/DF_SYNC_rd/pointer_2_reg_0_

  Ref  DFF        Ref:/WORK/SYS_TOP/FIFO_TOP_U0/DF_SYNC_rd/pointer_2_reg[1]
  Impl DFF        Imp:/WORK/SYS_TOP/FIFO_TOP_U0/DF_SYNC_rd/pointer_2_reg_1_

  Ref  DFF        Ref:/WORK/SYS_TOP/FIFO_TOP_U0/DF_SYNC_rd/pointer_2_reg[2]
  Impl DFF        Imp:/WORK/SYS_TOP/FIFO_TOP_U0/DF_SYNC_rd/pointer_2_reg_2_

  Ref  DFF        Ref:/WORK/SYS_TOP/FIFO_TOP_U0/DF_SYNC_rd/pointer_2_reg[3]
  Impl DFF        Imp:/WORK/SYS_TOP/FIFO_TOP_U0/DF_SYNC_rd/pointer_2_reg_3_

  Ref  DFF        Ref:/WORK/SYS_TOP/FIFO_TOP_U0/DF_SYNC_rd/pointer_out_reg[0]
  Impl DFF        Imp:/WORK/SYS_TOP/FIFO_TOP_U0/DF_SYNC_rd/pointer_out_reg_0_

  Ref  DFF        Ref:/WORK/SYS_TOP/FIFO_TOP_U0/DF_SYNC_rd/pointer_out_reg[1]
  Impl DFF        Imp:/WORK/SYS_TOP/FIFO_TOP_U0/DF_SYNC_rd/pointer_out_reg_1_

  Ref  DFF        Ref:/WORK/SYS_TOP/FIFO_TOP_U0/DF_SYNC_rd/pointer_out_reg[2]
  Impl DFF        Imp:/WORK/SYS_TOP/FIFO_TOP_U0/DF_SYNC_rd/pointer_out_reg_2_

  Ref  DFF        Ref:/WORK/SYS_TOP/FIFO_TOP_U0/DF_SYNC_rd/pointer_out_reg[3]
  Impl DFF        Imp:/WORK/SYS_TOP/FIFO_TOP_U0/DF_SYNC_rd/pointer_out_reg_3_

  Ref  DFF        Ref:/WORK/SYS_TOP/FIFO_TOP_U0/DF_SYNC_wr/pointer_2_reg[0]
  Impl DFF        Imp:/WORK/SYS_TOP/FIFO_TOP_U0/DF_SYNC_wr/pointer_2_reg_0_

  Ref  DFF        Ref:/WORK/SYS_TOP/FIFO_TOP_U0/DF_SYNC_wr/pointer_2_reg[1]
  Impl DFF        Imp:/WORK/SYS_TOP/FIFO_TOP_U0/DF_SYNC_wr/pointer_2_reg_1_

  Ref  DFF        Ref:/WORK/SYS_TOP/FIFO_TOP_U0/DF_SYNC_wr/pointer_2_reg[2]
  Impl DFF        Imp:/WORK/SYS_TOP/FIFO_TOP_U0/DF_SYNC_wr/pointer_2_reg_2_

  Ref  DFF        Ref:/WORK/SYS_TOP/FIFO_TOP_U0/DF_SYNC_wr/pointer_2_reg[3]
  Impl DFF        Imp:/WORK/SYS_TOP/FIFO_TOP_U0/DF_SYNC_wr/pointer_2_reg_3_

  Ref  DFF        Ref:/WORK/SYS_TOP/FIFO_TOP_U0/DF_SYNC_wr/pointer_out_reg[0]
  Impl DFF        Imp:/WORK/SYS_TOP/FIFO_TOP_U0/DF_SYNC_wr/pointer_out_reg_0_

  Ref  DFF        Ref:/WORK/SYS_TOP/FIFO_TOP_U0/DF_SYNC_wr/pointer_out_reg[1]
  Impl DFF        Imp:/WORK/SYS_TOP/FIFO_TOP_U0/DF_SYNC_wr/pointer_out_reg_1_

  Ref  DFF        Ref:/WORK/SYS_TOP/FIFO_TOP_U0/DF_SYNC_wr/pointer_out_reg[2]
  Impl DFF        Imp:/WORK/SYS_TOP/FIFO_TOP_U0/DF_SYNC_wr/pointer_out_reg_2_

  Ref  DFF        Ref:/WORK/SYS_TOP/FIFO_TOP_U0/DF_SYNC_wr/pointer_out_reg[3]
  Impl DFF        Imp:/WORK/SYS_TOP/FIFO_TOP_U0/DF_SYNC_wr/pointer_out_reg_3_

  Ref  DFF        Ref:/WORK/SYS_TOP/FIFO_TOP_U0/fifo_mem/FIFO_reg[0][0]
  Impl DFF        Imp:/WORK/SYS_TOP/FIFO_TOP_U0/fifo_mem/FIFO_reg_0__0_

  Ref  DFF        Ref:/WORK/SYS_TOP/FIFO_TOP_U0/fifo_mem/FIFO_reg[0][1]
  Impl DFF        Imp:/WORK/SYS_TOP/FIFO_TOP_U0/fifo_mem/FIFO_reg_0__1_

  Ref  DFF        Ref:/WORK/SYS_TOP/FIFO_TOP_U0/fifo_mem/FIFO_reg[0][2]
  Impl DFF        Imp:/WORK/SYS_TOP/FIFO_TOP_U0/fifo_mem/FIFO_reg_0__2_

  Ref  DFF        Ref:/WORK/SYS_TOP/FIFO_TOP_U0/fifo_mem/FIFO_reg[0][3]
  Impl DFF        Imp:/WORK/SYS_TOP/FIFO_TOP_U0/fifo_mem/FIFO_reg_0__3_

  Ref  DFF        Ref:/WORK/SYS_TOP/FIFO_TOP_U0/fifo_mem/FIFO_reg[0][4]
  Impl DFF        Imp:/WORK/SYS_TOP/FIFO_TOP_U0/fifo_mem/FIFO_reg_0__4_

  Ref  DFF        Ref:/WORK/SYS_TOP/FIFO_TOP_U0/fifo_mem/FIFO_reg[0][5]
  Impl DFF        Imp:/WORK/SYS_TOP/FIFO_TOP_U0/fifo_mem/FIFO_reg_0__5_

  Ref  DFF        Ref:/WORK/SYS_TOP/FIFO_TOP_U0/fifo_mem/FIFO_reg[0][6]
  Impl DFF        Imp:/WORK/SYS_TOP/FIFO_TOP_U0/fifo_mem/FIFO_reg_0__6_

  Ref  DFF        Ref:/WORK/SYS_TOP/FIFO_TOP_U0/fifo_mem/FIFO_reg[0][7]
  Impl DFF        Imp:/WORK/SYS_TOP/FIFO_TOP_U0/fifo_mem/FIFO_reg_0__7_

  Ref  DFF        Ref:/WORK/SYS_TOP/FIFO_TOP_U0/fifo_mem/FIFO_reg[1][0]
  Impl DFF        Imp:/WORK/SYS_TOP/FIFO_TOP_U0/fifo_mem/FIFO_reg_1__0_

  Ref  DFF        Ref:/WORK/SYS_TOP/FIFO_TOP_U0/fifo_mem/FIFO_reg[1][1]
  Impl DFF        Imp:/WORK/SYS_TOP/FIFO_TOP_U0/fifo_mem/FIFO_reg_1__1_

  Ref  DFF        Ref:/WORK/SYS_TOP/FIFO_TOP_U0/fifo_mem/FIFO_reg[1][2]
  Impl DFF        Imp:/WORK/SYS_TOP/FIFO_TOP_U0/fifo_mem/FIFO_reg_1__2_

  Ref  DFF        Ref:/WORK/SYS_TOP/FIFO_TOP_U0/fifo_mem/FIFO_reg[1][3]
  Impl DFF        Imp:/WORK/SYS_TOP/FIFO_TOP_U0/fifo_mem/FIFO_reg_1__3_

  Ref  DFF        Ref:/WORK/SYS_TOP/FIFO_TOP_U0/fifo_mem/FIFO_reg[1][4]
  Impl DFF        Imp:/WORK/SYS_TOP/FIFO_TOP_U0/fifo_mem/FIFO_reg_1__4_

  Ref  DFF        Ref:/WORK/SYS_TOP/FIFO_TOP_U0/fifo_mem/FIFO_reg[1][5]
  Impl DFF        Imp:/WORK/SYS_TOP/FIFO_TOP_U0/fifo_mem/FIFO_reg_1__5_

  Ref  DFF        Ref:/WORK/SYS_TOP/FIFO_TOP_U0/fifo_mem/FIFO_reg[1][6]
  Impl DFF        Imp:/WORK/SYS_TOP/FIFO_TOP_U0/fifo_mem/FIFO_reg_1__6_

  Ref  DFF        Ref:/WORK/SYS_TOP/FIFO_TOP_U0/fifo_mem/FIFO_reg[1][7]
  Impl DFF        Imp:/WORK/SYS_TOP/FIFO_TOP_U0/fifo_mem/FIFO_reg_1__7_

  Ref  DFF        Ref:/WORK/SYS_TOP/FIFO_TOP_U0/fifo_mem/FIFO_reg[2][0]
  Impl DFF        Imp:/WORK/SYS_TOP/FIFO_TOP_U0/fifo_mem/FIFO_reg_2__0_

  Ref  DFF        Ref:/WORK/SYS_TOP/FIFO_TOP_U0/fifo_mem/FIFO_reg[2][1]
  Impl DFF        Imp:/WORK/SYS_TOP/FIFO_TOP_U0/fifo_mem/FIFO_reg_2__1_

  Ref  DFF        Ref:/WORK/SYS_TOP/FIFO_TOP_U0/fifo_mem/FIFO_reg[2][2]
  Impl DFF        Imp:/WORK/SYS_TOP/FIFO_TOP_U0/fifo_mem/FIFO_reg_2__2_

  Ref  DFF        Ref:/WORK/SYS_TOP/FIFO_TOP_U0/fifo_mem/FIFO_reg[2][3]
  Impl DFF        Imp:/WORK/SYS_TOP/FIFO_TOP_U0/fifo_mem/FIFO_reg_2__3_

  Ref  DFF        Ref:/WORK/SYS_TOP/FIFO_TOP_U0/fifo_mem/FIFO_reg[2][4]
  Impl DFF        Imp:/WORK/SYS_TOP/FIFO_TOP_U0/fifo_mem/FIFO_reg_2__4_

  Ref  DFF        Ref:/WORK/SYS_TOP/FIFO_TOP_U0/fifo_mem/FIFO_reg[2][5]
  Impl DFF        Imp:/WORK/SYS_TOP/FIFO_TOP_U0/fifo_mem/FIFO_reg_2__5_

  Ref  DFF        Ref:/WORK/SYS_TOP/FIFO_TOP_U0/fifo_mem/FIFO_reg[2][6]
  Impl DFF        Imp:/WORK/SYS_TOP/FIFO_TOP_U0/fifo_mem/FIFO_reg_2__6_

  Ref  DFF        Ref:/WORK/SYS_TOP/FIFO_TOP_U0/fifo_mem/FIFO_reg[2][7]
  Impl DFF        Imp:/WORK/SYS_TOP/FIFO_TOP_U0/fifo_mem/FIFO_reg_2__7_

  Ref  DFF        Ref:/WORK/SYS_TOP/FIFO_TOP_U0/fifo_mem/FIFO_reg[3][0]
  Impl DFF        Imp:/WORK/SYS_TOP/FIFO_TOP_U0/fifo_mem/FIFO_reg_3__0_

  Ref  DFF        Ref:/WORK/SYS_TOP/FIFO_TOP_U0/fifo_mem/FIFO_reg[3][1]
  Impl DFF        Imp:/WORK/SYS_TOP/FIFO_TOP_U0/fifo_mem/FIFO_reg_3__1_

  Ref  DFF        Ref:/WORK/SYS_TOP/FIFO_TOP_U0/fifo_mem/FIFO_reg[3][2]
  Impl DFF        Imp:/WORK/SYS_TOP/FIFO_TOP_U0/fifo_mem/FIFO_reg_3__2_

  Ref  DFF        Ref:/WORK/SYS_TOP/FIFO_TOP_U0/fifo_mem/FIFO_reg[3][3]
  Impl DFF        Imp:/WORK/SYS_TOP/FIFO_TOP_U0/fifo_mem/FIFO_reg_3__3_

  Ref  DFF        Ref:/WORK/SYS_TOP/FIFO_TOP_U0/fifo_mem/FIFO_reg[3][4]
  Impl DFF        Imp:/WORK/SYS_TOP/FIFO_TOP_U0/fifo_mem/FIFO_reg_3__4_

  Ref  DFF        Ref:/WORK/SYS_TOP/FIFO_TOP_U0/fifo_mem/FIFO_reg[3][5]
  Impl DFF        Imp:/WORK/SYS_TOP/FIFO_TOP_U0/fifo_mem/FIFO_reg_3__5_

  Ref  DFF        Ref:/WORK/SYS_TOP/FIFO_TOP_U0/fifo_mem/FIFO_reg[3][6]
  Impl DFF        Imp:/WORK/SYS_TOP/FIFO_TOP_U0/fifo_mem/FIFO_reg_3__6_

  Ref  DFF        Ref:/WORK/SYS_TOP/FIFO_TOP_U0/fifo_mem/FIFO_reg[3][7]
  Impl DFF        Imp:/WORK/SYS_TOP/FIFO_TOP_U0/fifo_mem/FIFO_reg_3__7_

  Ref  DFF        Ref:/WORK/SYS_TOP/FIFO_TOP_U0/fifo_mem/FIFO_reg[4][0]
  Impl DFF        Imp:/WORK/SYS_TOP/FIFO_TOP_U0/fifo_mem/FIFO_reg_4__0_

  Ref  DFF        Ref:/WORK/SYS_TOP/FIFO_TOP_U0/fifo_mem/FIFO_reg[4][1]
  Impl DFF        Imp:/WORK/SYS_TOP/FIFO_TOP_U0/fifo_mem/FIFO_reg_4__1_

  Ref  DFF        Ref:/WORK/SYS_TOP/FIFO_TOP_U0/fifo_mem/FIFO_reg[4][2]
  Impl DFF        Imp:/WORK/SYS_TOP/FIFO_TOP_U0/fifo_mem/FIFO_reg_4__2_

  Ref  DFF        Ref:/WORK/SYS_TOP/FIFO_TOP_U0/fifo_mem/FIFO_reg[4][3]
  Impl DFF        Imp:/WORK/SYS_TOP/FIFO_TOP_U0/fifo_mem/FIFO_reg_4__3_

  Ref  DFF        Ref:/WORK/SYS_TOP/FIFO_TOP_U0/fifo_mem/FIFO_reg[4][4]
  Impl DFF        Imp:/WORK/SYS_TOP/FIFO_TOP_U0/fifo_mem/FIFO_reg_4__4_

  Ref  DFF        Ref:/WORK/SYS_TOP/FIFO_TOP_U0/fifo_mem/FIFO_reg[4][5]
  Impl DFF        Imp:/WORK/SYS_TOP/FIFO_TOP_U0/fifo_mem/FIFO_reg_4__5_

  Ref  DFF        Ref:/WORK/SYS_TOP/FIFO_TOP_U0/fifo_mem/FIFO_reg[4][6]
  Impl DFF        Imp:/WORK/SYS_TOP/FIFO_TOP_U0/fifo_mem/FIFO_reg_4__6_

  Ref  DFF        Ref:/WORK/SYS_TOP/FIFO_TOP_U0/fifo_mem/FIFO_reg[4][7]
  Impl DFF        Imp:/WORK/SYS_TOP/FIFO_TOP_U0/fifo_mem/FIFO_reg_4__7_

  Ref  DFF        Ref:/WORK/SYS_TOP/FIFO_TOP_U0/fifo_mem/FIFO_reg[5][0]
  Impl DFF        Imp:/WORK/SYS_TOP/FIFO_TOP_U0/fifo_mem/FIFO_reg_5__0_

  Ref  DFF        Ref:/WORK/SYS_TOP/FIFO_TOP_U0/fifo_mem/FIFO_reg[5][1]
  Impl DFF        Imp:/WORK/SYS_TOP/FIFO_TOP_U0/fifo_mem/FIFO_reg_5__1_

  Ref  DFF        Ref:/WORK/SYS_TOP/FIFO_TOP_U0/fifo_mem/FIFO_reg[5][2]
  Impl DFF        Imp:/WORK/SYS_TOP/FIFO_TOP_U0/fifo_mem/FIFO_reg_5__2_

  Ref  DFF        Ref:/WORK/SYS_TOP/FIFO_TOP_U0/fifo_mem/FIFO_reg[5][3]
  Impl DFF        Imp:/WORK/SYS_TOP/FIFO_TOP_U0/fifo_mem/FIFO_reg_5__3_

  Ref  DFF        Ref:/WORK/SYS_TOP/FIFO_TOP_U0/fifo_mem/FIFO_reg[5][4]
  Impl DFF        Imp:/WORK/SYS_TOP/FIFO_TOP_U0/fifo_mem/FIFO_reg_5__4_

  Ref  DFF        Ref:/WORK/SYS_TOP/FIFO_TOP_U0/fifo_mem/FIFO_reg[5][5]
  Impl DFF        Imp:/WORK/SYS_TOP/FIFO_TOP_U0/fifo_mem/FIFO_reg_5__5_

  Ref  DFF        Ref:/WORK/SYS_TOP/FIFO_TOP_U0/fifo_mem/FIFO_reg[5][6]
  Impl DFF        Imp:/WORK/SYS_TOP/FIFO_TOP_U0/fifo_mem/FIFO_reg_5__6_

  Ref  DFF        Ref:/WORK/SYS_TOP/FIFO_TOP_U0/fifo_mem/FIFO_reg[5][7]
  Impl DFF        Imp:/WORK/SYS_TOP/FIFO_TOP_U0/fifo_mem/FIFO_reg_5__7_

  Ref  DFF        Ref:/WORK/SYS_TOP/FIFO_TOP_U0/fifo_mem/FIFO_reg[6][0]
  Impl DFF        Imp:/WORK/SYS_TOP/FIFO_TOP_U0/fifo_mem/FIFO_reg_6__0_

  Ref  DFF        Ref:/WORK/SYS_TOP/FIFO_TOP_U0/fifo_mem/FIFO_reg[6][1]
  Impl DFF        Imp:/WORK/SYS_TOP/FIFO_TOP_U0/fifo_mem/FIFO_reg_6__1_

  Ref  DFF        Ref:/WORK/SYS_TOP/FIFO_TOP_U0/fifo_mem/FIFO_reg[6][2]
  Impl DFF        Imp:/WORK/SYS_TOP/FIFO_TOP_U0/fifo_mem/FIFO_reg_6__2_

  Ref  DFF        Ref:/WORK/SYS_TOP/FIFO_TOP_U0/fifo_mem/FIFO_reg[6][3]
  Impl DFF        Imp:/WORK/SYS_TOP/FIFO_TOP_U0/fifo_mem/FIFO_reg_6__3_

  Ref  DFF        Ref:/WORK/SYS_TOP/FIFO_TOP_U0/fifo_mem/FIFO_reg[6][4]
  Impl DFF        Imp:/WORK/SYS_TOP/FIFO_TOP_U0/fifo_mem/FIFO_reg_6__4_

  Ref  DFF        Ref:/WORK/SYS_TOP/FIFO_TOP_U0/fifo_mem/FIFO_reg[6][5]
  Impl DFF        Imp:/WORK/SYS_TOP/FIFO_TOP_U0/fifo_mem/FIFO_reg_6__5_

  Ref  DFF        Ref:/WORK/SYS_TOP/FIFO_TOP_U0/fifo_mem/FIFO_reg[6][6]
  Impl DFF        Imp:/WORK/SYS_TOP/FIFO_TOP_U0/fifo_mem/FIFO_reg_6__6_

  Ref  DFF        Ref:/WORK/SYS_TOP/FIFO_TOP_U0/fifo_mem/FIFO_reg[6][7]
  Impl DFF        Imp:/WORK/SYS_TOP/FIFO_TOP_U0/fifo_mem/FIFO_reg_6__7_

  Ref  DFF        Ref:/WORK/SYS_TOP/FIFO_TOP_U0/fifo_mem/FIFO_reg[7][0]
  Impl DFF        Imp:/WORK/SYS_TOP/FIFO_TOP_U0/fifo_mem/FIFO_reg_7__0_

  Ref  DFF        Ref:/WORK/SYS_TOP/FIFO_TOP_U0/fifo_mem/FIFO_reg[7][1]
  Impl DFF        Imp:/WORK/SYS_TOP/FIFO_TOP_U0/fifo_mem/FIFO_reg_7__1_

  Ref  DFF        Ref:/WORK/SYS_TOP/FIFO_TOP_U0/fifo_mem/FIFO_reg[7][2]
  Impl DFF        Imp:/WORK/SYS_TOP/FIFO_TOP_U0/fifo_mem/FIFO_reg_7__2_

  Ref  DFF        Ref:/WORK/SYS_TOP/FIFO_TOP_U0/fifo_mem/FIFO_reg[7][3]
  Impl DFF        Imp:/WORK/SYS_TOP/FIFO_TOP_U0/fifo_mem/FIFO_reg_7__3_

  Ref  DFF        Ref:/WORK/SYS_TOP/FIFO_TOP_U0/fifo_mem/FIFO_reg[7][4]
  Impl DFF        Imp:/WORK/SYS_TOP/FIFO_TOP_U0/fifo_mem/FIFO_reg_7__4_

  Ref  DFF        Ref:/WORK/SYS_TOP/FIFO_TOP_U0/fifo_mem/FIFO_reg[7][5]
  Impl DFF        Imp:/WORK/SYS_TOP/FIFO_TOP_U0/fifo_mem/FIFO_reg_7__5_

  Ref  DFF        Ref:/WORK/SYS_TOP/FIFO_TOP_U0/fifo_mem/FIFO_reg[7][6]
  Impl DFF        Imp:/WORK/SYS_TOP/FIFO_TOP_U0/fifo_mem/FIFO_reg_7__6_

  Ref  DFF        Ref:/WORK/SYS_TOP/FIFO_TOP_U0/fifo_mem/FIFO_reg[7][7]
  Impl DFF        Imp:/WORK/SYS_TOP/FIFO_TOP_U0/fifo_mem/FIFO_reg_7__7_

  Ref  DFF        Ref:/WORK/SYS_TOP/FIFO_TOP_U0/fifo_rd_u0/rbin_reg[0]
  Impl DFF        Imp:/WORK/SYS_TOP/FIFO_TOP_U0/fifo_rd_u0/rbin_reg_0_

  Ref  DFF        Ref:/WORK/SYS_TOP/FIFO_TOP_U0/fifo_rd_u0/rbin_reg[1]
  Impl DFF        Imp:/WORK/SYS_TOP/FIFO_TOP_U0/fifo_rd_u0/rbin_reg_1_

  Ref  DFF        Ref:/WORK/SYS_TOP/FIFO_TOP_U0/fifo_rd_u0/rbin_reg[2]
  Impl DFF        Imp:/WORK/SYS_TOP/FIFO_TOP_U0/fifo_rd_u0/rbin_reg_2_

  Ref  DFF        Ref:/WORK/SYS_TOP/FIFO_TOP_U0/fifo_rd_u0/rbin_reg[3]
  Impl DFF        Imp:/WORK/SYS_TOP/FIFO_TOP_U0/fifo_rd_u0/rbin_reg_3_

  Ref  DFF        Ref:/WORK/SYS_TOP/FIFO_TOP_U0/fifo_rd_u0/rempty_reg
  Impl DFF        Imp:/WORK/SYS_TOP/FIFO_TOP_U0/fifo_rd_u0/rempty_reg

  Ref  DFF        Ref:/WORK/SYS_TOP/FIFO_TOP_U0/fifo_rd_u0/rptr_reg[0]
  Impl DFF        Imp:/WORK/SYS_TOP/FIFO_TOP_U0/fifo_rd_u0/rptr_reg_0_

  Ref  DFF        Ref:/WORK/SYS_TOP/FIFO_TOP_U0/fifo_rd_u0/rptr_reg[1]
  Impl DFF        Imp:/WORK/SYS_TOP/FIFO_TOP_U0/fifo_rd_u0/rptr_reg_1_

  Ref  DFF        Ref:/WORK/SYS_TOP/FIFO_TOP_U0/fifo_rd_u0/rptr_reg[2]
  Impl DFF        Imp:/WORK/SYS_TOP/FIFO_TOP_U0/fifo_rd_u0/rptr_reg_2_

  Ref  DFF        Ref:/WORK/SYS_TOP/FIFO_TOP_U0/fifo_rd_u0/rptr_reg[3]
  Impl DFF        Imp:/WORK/SYS_TOP/FIFO_TOP_U0/fifo_rd_u0/rptr_reg_3_

  Ref  DFF        Ref:/WORK/SYS_TOP/FIFO_TOP_U0/fifo_wr_u0/wbin_reg[0]
  Impl DFF        Imp:/WORK/SYS_TOP/FIFO_TOP_U0/fifo_wr_u0/wbin_reg_0_

  Ref  DFF        Ref:/WORK/SYS_TOP/FIFO_TOP_U0/fifo_wr_u0/wbin_reg[1]
  Impl DFF        Imp:/WORK/SYS_TOP/FIFO_TOP_U0/fifo_wr_u0/wbin_reg_1_

  Ref  DFF        Ref:/WORK/SYS_TOP/FIFO_TOP_U0/fifo_wr_u0/wbin_reg[2]
  Impl DFF        Imp:/WORK/SYS_TOP/FIFO_TOP_U0/fifo_wr_u0/wbin_reg_2_

  Ref  DFF        Ref:/WORK/SYS_TOP/FIFO_TOP_U0/fifo_wr_u0/wbin_reg[3]
  Impl DFF        Imp:/WORK/SYS_TOP/FIFO_TOP_U0/fifo_wr_u0/wbin_reg_3_

  Ref  DFF        Ref:/WORK/SYS_TOP/FIFO_TOP_U0/fifo_wr_u0/wfull_reg
  Impl DFF        Imp:/WORK/SYS_TOP/FIFO_TOP_U0/fifo_wr_u0/wfull_reg

  Ref  DFF        Ref:/WORK/SYS_TOP/FIFO_TOP_U0/fifo_wr_u0/wptr_reg[0]
  Impl DFF        Imp:/WORK/SYS_TOP/FIFO_TOP_U0/fifo_wr_u0/wptr_reg_0_

  Ref  DFF        Ref:/WORK/SYS_TOP/FIFO_TOP_U0/fifo_wr_u0/wptr_reg[1]
  Impl DFF        Imp:/WORK/SYS_TOP/FIFO_TOP_U0/fifo_wr_u0/wptr_reg_1_

  Ref  DFF        Ref:/WORK/SYS_TOP/FIFO_TOP_U0/fifo_wr_u0/wptr_reg[2]
  Impl DFF        Imp:/WORK/SYS_TOP/FIFO_TOP_U0/fifo_wr_u0/wptr_reg_2_

  Ref  DFF        Ref:/WORK/SYS_TOP/FIFO_TOP_U0/fifo_wr_u0/wptr_reg[3]
  Impl DFF        Imp:/WORK/SYS_TOP/FIFO_TOP_U0/fifo_wr_u0/wptr_reg_3_

  Ref  DFF        Ref:/WORK/SYS_TOP/RegFile_U0/RdData_VLD_reg
  Impl DFF        Imp:/WORK/SYS_TOP/RegFile_U0/RdData_VLD_reg

  Ref  DFF        Ref:/WORK/SYS_TOP/RegFile_U0/RdData_reg[0]
  Impl DFF        Imp:/WORK/SYS_TOP/RegFile_U0/RdData_reg_0_

  Ref  DFF        Ref:/WORK/SYS_TOP/RegFile_U0/RdData_reg[1]
  Impl DFF        Imp:/WORK/SYS_TOP/RegFile_U0/RdData_reg_1_

  Ref  DFF        Ref:/WORK/SYS_TOP/RegFile_U0/RdData_reg[2]
  Impl DFF        Imp:/WORK/SYS_TOP/RegFile_U0/RdData_reg_2_

  Ref  DFF        Ref:/WORK/SYS_TOP/RegFile_U0/RdData_reg[3]
  Impl DFF        Imp:/WORK/SYS_TOP/RegFile_U0/RdData_reg_3_

  Ref  DFF        Ref:/WORK/SYS_TOP/RegFile_U0/RdData_reg[4]
  Impl DFF        Imp:/WORK/SYS_TOP/RegFile_U0/RdData_reg_4_

  Ref  DFF        Ref:/WORK/SYS_TOP/RegFile_U0/RdData_reg[5]
  Impl DFF        Imp:/WORK/SYS_TOP/RegFile_U0/RdData_reg_5_

  Ref  DFF        Ref:/WORK/SYS_TOP/RegFile_U0/RdData_reg[6]
  Impl DFF        Imp:/WORK/SYS_TOP/RegFile_U0/RdData_reg_6_

  Ref  DFF        Ref:/WORK/SYS_TOP/RegFile_U0/RdData_reg[7]
  Impl DFF        Imp:/WORK/SYS_TOP/RegFile_U0/RdData_reg_7_

  Ref  DFF        Ref:/WORK/SYS_TOP/RegFile_U0/regArr_reg[0][0]
  Impl DFF        Imp:/WORK/SYS_TOP/RegFile_U0/regArr_reg_0__0_

  Ref  DFF        Ref:/WORK/SYS_TOP/RegFile_U0/regArr_reg[0][1]
  Impl DFF        Imp:/WORK/SYS_TOP/RegFile_U0/regArr_reg_0__1_

  Ref  DFF        Ref:/WORK/SYS_TOP/RegFile_U0/regArr_reg[0][2]
  Impl DFF        Imp:/WORK/SYS_TOP/RegFile_U0/regArr_reg_0__2_

  Ref  DFF        Ref:/WORK/SYS_TOP/RegFile_U0/regArr_reg[0][3]
  Impl DFF        Imp:/WORK/SYS_TOP/RegFile_U0/regArr_reg_0__3_

  Ref  DFF        Ref:/WORK/SYS_TOP/RegFile_U0/regArr_reg[0][4]
  Impl DFF        Imp:/WORK/SYS_TOP/RegFile_U0/regArr_reg_0__4_

  Ref  DFF        Ref:/WORK/SYS_TOP/RegFile_U0/regArr_reg[0][5]
  Impl DFF        Imp:/WORK/SYS_TOP/RegFile_U0/regArr_reg_0__5_

  Ref  DFF        Ref:/WORK/SYS_TOP/RegFile_U0/regArr_reg[0][6]
  Impl DFF        Imp:/WORK/SYS_TOP/RegFile_U0/regArr_reg_0__6_

  Ref  DFF        Ref:/WORK/SYS_TOP/RegFile_U0/regArr_reg[0][7]
  Impl DFF        Imp:/WORK/SYS_TOP/RegFile_U0/regArr_reg_0__7_

  Ref  DFF        Ref:/WORK/SYS_TOP/RegFile_U0/regArr_reg[10][0]
  Impl DFF        Imp:/WORK/SYS_TOP/RegFile_U0/regArr_reg_10__0_

  Ref  DFF        Ref:/WORK/SYS_TOP/RegFile_U0/regArr_reg[10][1]
  Impl DFF        Imp:/WORK/SYS_TOP/RegFile_U0/regArr_reg_10__1_

  Ref  DFF        Ref:/WORK/SYS_TOP/RegFile_U0/regArr_reg[10][2]
  Impl DFF        Imp:/WORK/SYS_TOP/RegFile_U0/regArr_reg_10__2_

  Ref  DFF        Ref:/WORK/SYS_TOP/RegFile_U0/regArr_reg[10][3]
  Impl DFF        Imp:/WORK/SYS_TOP/RegFile_U0/regArr_reg_10__3_

  Ref  DFF        Ref:/WORK/SYS_TOP/RegFile_U0/regArr_reg[10][4]
  Impl DFF        Imp:/WORK/SYS_TOP/RegFile_U0/regArr_reg_10__4_

  Ref  DFF        Ref:/WORK/SYS_TOP/RegFile_U0/regArr_reg[10][5]
  Impl DFF        Imp:/WORK/SYS_TOP/RegFile_U0/regArr_reg_10__5_

  Ref  DFF        Ref:/WORK/SYS_TOP/RegFile_U0/regArr_reg[10][6]
  Impl DFF        Imp:/WORK/SYS_TOP/RegFile_U0/regArr_reg_10__6_

  Ref  DFF        Ref:/WORK/SYS_TOP/RegFile_U0/regArr_reg[10][7]
  Impl DFF        Imp:/WORK/SYS_TOP/RegFile_U0/regArr_reg_10__7_

  Ref  DFF        Ref:/WORK/SYS_TOP/RegFile_U0/regArr_reg[11][0]
  Impl DFF        Imp:/WORK/SYS_TOP/RegFile_U0/regArr_reg_11__0_

  Ref  DFF        Ref:/WORK/SYS_TOP/RegFile_U0/regArr_reg[11][1]
  Impl DFF        Imp:/WORK/SYS_TOP/RegFile_U0/regArr_reg_11__1_

  Ref  DFF        Ref:/WORK/SYS_TOP/RegFile_U0/regArr_reg[11][2]
  Impl DFF        Imp:/WORK/SYS_TOP/RegFile_U0/regArr_reg_11__2_

  Ref  DFF        Ref:/WORK/SYS_TOP/RegFile_U0/regArr_reg[11][3]
  Impl DFF        Imp:/WORK/SYS_TOP/RegFile_U0/regArr_reg_11__3_

  Ref  DFF        Ref:/WORK/SYS_TOP/RegFile_U0/regArr_reg[11][4]
  Impl DFF        Imp:/WORK/SYS_TOP/RegFile_U0/regArr_reg_11__4_

  Ref  DFF        Ref:/WORK/SYS_TOP/RegFile_U0/regArr_reg[11][5]
  Impl DFF        Imp:/WORK/SYS_TOP/RegFile_U0/regArr_reg_11__5_

  Ref  DFF        Ref:/WORK/SYS_TOP/RegFile_U0/regArr_reg[11][6]
  Impl DFF        Imp:/WORK/SYS_TOP/RegFile_U0/regArr_reg_11__6_

  Ref  DFF        Ref:/WORK/SYS_TOP/RegFile_U0/regArr_reg[11][7]
  Impl DFF        Imp:/WORK/SYS_TOP/RegFile_U0/regArr_reg_11__7_

  Ref  DFF        Ref:/WORK/SYS_TOP/RegFile_U0/regArr_reg[12][0]
  Impl DFF        Imp:/WORK/SYS_TOP/RegFile_U0/regArr_reg_12__0_

  Ref  DFF        Ref:/WORK/SYS_TOP/RegFile_U0/regArr_reg[12][1]
  Impl DFF        Imp:/WORK/SYS_TOP/RegFile_U0/regArr_reg_12__1_

  Ref  DFF        Ref:/WORK/SYS_TOP/RegFile_U0/regArr_reg[12][2]
  Impl DFF        Imp:/WORK/SYS_TOP/RegFile_U0/regArr_reg_12__2_

  Ref  DFF        Ref:/WORK/SYS_TOP/RegFile_U0/regArr_reg[12][3]
  Impl DFF        Imp:/WORK/SYS_TOP/RegFile_U0/regArr_reg_12__3_

  Ref  DFF        Ref:/WORK/SYS_TOP/RegFile_U0/regArr_reg[12][4]
  Impl DFF        Imp:/WORK/SYS_TOP/RegFile_U0/regArr_reg_12__4_

  Ref  DFF        Ref:/WORK/SYS_TOP/RegFile_U0/regArr_reg[12][5]
  Impl DFF        Imp:/WORK/SYS_TOP/RegFile_U0/regArr_reg_12__5_

  Ref  DFF        Ref:/WORK/SYS_TOP/RegFile_U0/regArr_reg[12][6]
  Impl DFF        Imp:/WORK/SYS_TOP/RegFile_U0/regArr_reg_12__6_

  Ref  DFF        Ref:/WORK/SYS_TOP/RegFile_U0/regArr_reg[12][7]
  Impl DFF        Imp:/WORK/SYS_TOP/RegFile_U0/regArr_reg_12__7_

  Ref  DFF        Ref:/WORK/SYS_TOP/RegFile_U0/regArr_reg[13][0]
  Impl DFF        Imp:/WORK/SYS_TOP/RegFile_U0/regArr_reg_13__0_

  Ref  DFF        Ref:/WORK/SYS_TOP/RegFile_U0/regArr_reg[13][1]
  Impl DFF        Imp:/WORK/SYS_TOP/RegFile_U0/regArr_reg_13__1_

  Ref  DFF        Ref:/WORK/SYS_TOP/RegFile_U0/regArr_reg[13][2]
  Impl DFF        Imp:/WORK/SYS_TOP/RegFile_U0/regArr_reg_13__2_

  Ref  DFF        Ref:/WORK/SYS_TOP/RegFile_U0/regArr_reg[13][3]
  Impl DFF        Imp:/WORK/SYS_TOP/RegFile_U0/regArr_reg_13__3_

  Ref  DFF        Ref:/WORK/SYS_TOP/RegFile_U0/regArr_reg[13][4]
  Impl DFF        Imp:/WORK/SYS_TOP/RegFile_U0/regArr_reg_13__4_

  Ref  DFF        Ref:/WORK/SYS_TOP/RegFile_U0/regArr_reg[13][5]
  Impl DFF        Imp:/WORK/SYS_TOP/RegFile_U0/regArr_reg_13__5_

  Ref  DFF        Ref:/WORK/SYS_TOP/RegFile_U0/regArr_reg[13][6]
  Impl DFF        Imp:/WORK/SYS_TOP/RegFile_U0/regArr_reg_13__6_

  Ref  DFF        Ref:/WORK/SYS_TOP/RegFile_U0/regArr_reg[13][7]
  Impl DFF        Imp:/WORK/SYS_TOP/RegFile_U0/regArr_reg_13__7_

  Ref  DFF        Ref:/WORK/SYS_TOP/RegFile_U0/regArr_reg[14][0]
  Impl DFF        Imp:/WORK/SYS_TOP/RegFile_U0/regArr_reg_14__0_

  Ref  DFF        Ref:/WORK/SYS_TOP/RegFile_U0/regArr_reg[14][1]
  Impl DFF        Imp:/WORK/SYS_TOP/RegFile_U0/regArr_reg_14__1_

  Ref  DFF        Ref:/WORK/SYS_TOP/RegFile_U0/regArr_reg[14][2]
  Impl DFF        Imp:/WORK/SYS_TOP/RegFile_U0/regArr_reg_14__2_

  Ref  DFF        Ref:/WORK/SYS_TOP/RegFile_U0/regArr_reg[14][3]
  Impl DFF        Imp:/WORK/SYS_TOP/RegFile_U0/regArr_reg_14__3_

  Ref  DFF        Ref:/WORK/SYS_TOP/RegFile_U0/regArr_reg[14][4]
  Impl DFF        Imp:/WORK/SYS_TOP/RegFile_U0/regArr_reg_14__4_

  Ref  DFF        Ref:/WORK/SYS_TOP/RegFile_U0/regArr_reg[14][5]
  Impl DFF        Imp:/WORK/SYS_TOP/RegFile_U0/regArr_reg_14__5_

  Ref  DFF        Ref:/WORK/SYS_TOP/RegFile_U0/regArr_reg[14][6]
  Impl DFF        Imp:/WORK/SYS_TOP/RegFile_U0/regArr_reg_14__6_

  Ref  DFF        Ref:/WORK/SYS_TOP/RegFile_U0/regArr_reg[14][7]
  Impl DFF        Imp:/WORK/SYS_TOP/RegFile_U0/regArr_reg_14__7_

  Ref  DFF        Ref:/WORK/SYS_TOP/RegFile_U0/regArr_reg[15][0]
  Impl DFF        Imp:/WORK/SYS_TOP/RegFile_U0/regArr_reg_15__0_

  Ref  DFF        Ref:/WORK/SYS_TOP/RegFile_U0/regArr_reg[15][1]
  Impl DFF        Imp:/WORK/SYS_TOP/RegFile_U0/regArr_reg_15__1_

  Ref  DFF        Ref:/WORK/SYS_TOP/RegFile_U0/regArr_reg[15][2]
  Impl DFF        Imp:/WORK/SYS_TOP/RegFile_U0/regArr_reg_15__2_

  Ref  DFF        Ref:/WORK/SYS_TOP/RegFile_U0/regArr_reg[15][3]
  Impl DFF        Imp:/WORK/SYS_TOP/RegFile_U0/regArr_reg_15__3_

  Ref  DFF        Ref:/WORK/SYS_TOP/RegFile_U0/regArr_reg[15][4]
  Impl DFF        Imp:/WORK/SYS_TOP/RegFile_U0/regArr_reg_15__4_

  Ref  DFF        Ref:/WORK/SYS_TOP/RegFile_U0/regArr_reg[15][5]
  Impl DFF        Imp:/WORK/SYS_TOP/RegFile_U0/regArr_reg_15__5_

  Ref  DFF        Ref:/WORK/SYS_TOP/RegFile_U0/regArr_reg[15][6]
  Impl DFF        Imp:/WORK/SYS_TOP/RegFile_U0/regArr_reg_15__6_

  Ref  DFF        Ref:/WORK/SYS_TOP/RegFile_U0/regArr_reg[15][7]
  Impl DFF        Imp:/WORK/SYS_TOP/RegFile_U0/regArr_reg_15__7_

  Ref  DFF        Ref:/WORK/SYS_TOP/RegFile_U0/regArr_reg[1][0]
  Impl DFF        Imp:/WORK/SYS_TOP/RegFile_U0/regArr_reg_1__0_

  Ref  DFF        Ref:/WORK/SYS_TOP/RegFile_U0/regArr_reg[1][1]
  Impl DFF        Imp:/WORK/SYS_TOP/RegFile_U0/regArr_reg_1__1_

  Ref  DFF        Ref:/WORK/SYS_TOP/RegFile_U0/regArr_reg[1][2]
  Impl DFF        Imp:/WORK/SYS_TOP/RegFile_U0/regArr_reg_1__2_

  Ref  DFF        Ref:/WORK/SYS_TOP/RegFile_U0/regArr_reg[1][3]
  Impl DFF        Imp:/WORK/SYS_TOP/RegFile_U0/regArr_reg_1__3_

  Ref  DFF        Ref:/WORK/SYS_TOP/RegFile_U0/regArr_reg[1][4]
  Impl DFF        Imp:/WORK/SYS_TOP/RegFile_U0/regArr_reg_1__4_

  Ref  DFF        Ref:/WORK/SYS_TOP/RegFile_U0/regArr_reg[1][5]
  Impl DFF        Imp:/WORK/SYS_TOP/RegFile_U0/regArr_reg_1__5_

  Ref  DFF        Ref:/WORK/SYS_TOP/RegFile_U0/regArr_reg[1][6]
  Impl DFF        Imp:/WORK/SYS_TOP/RegFile_U0/regArr_reg_1__6_

  Ref  DFF        Ref:/WORK/SYS_TOP/RegFile_U0/regArr_reg[1][7]
  Impl DFF        Imp:/WORK/SYS_TOP/RegFile_U0/regArr_reg_1__7_

  Ref  DFF        Ref:/WORK/SYS_TOP/RegFile_U0/regArr_reg[2][0]
  Impl DFF        Imp:/WORK/SYS_TOP/RegFile_U0/regArr_reg_2__0_

  Ref  DFF        Ref:/WORK/SYS_TOP/RegFile_U0/regArr_reg[2][1]
  Impl DFF        Imp:/WORK/SYS_TOP/RegFile_U0/regArr_reg_2__1_

  Ref  DFF        Ref:/WORK/SYS_TOP/RegFile_U0/regArr_reg[2][2]
  Impl DFF        Imp:/WORK/SYS_TOP/RegFile_U0/regArr_reg_2__2_

  Ref  DFF        Ref:/WORK/SYS_TOP/RegFile_U0/regArr_reg[2][3]
  Impl DFF        Imp:/WORK/SYS_TOP/RegFile_U0/regArr_reg_2__3_

  Ref  DFF        Ref:/WORK/SYS_TOP/RegFile_U0/regArr_reg[2][4]
  Impl DFF        Imp:/WORK/SYS_TOP/RegFile_U0/regArr_reg_2__4_

  Ref  DFF        Ref:/WORK/SYS_TOP/RegFile_U0/regArr_reg[2][5]
  Impl DFF        Imp:/WORK/SYS_TOP/RegFile_U0/regArr_reg_2__5_

  Ref  DFF        Ref:/WORK/SYS_TOP/RegFile_U0/regArr_reg[2][6]
  Impl DFF        Imp:/WORK/SYS_TOP/RegFile_U0/regArr_reg_2__6_

  Ref  DFF        Ref:/WORK/SYS_TOP/RegFile_U0/regArr_reg[2][7]
  Impl DFF        Imp:/WORK/SYS_TOP/RegFile_U0/regArr_reg_2__7_

  Ref  DFF        Ref:/WORK/SYS_TOP/RegFile_U0/regArr_reg[3][0]
  Impl DFF        Imp:/WORK/SYS_TOP/RegFile_U0/regArr_reg_3__0_

  Ref  DFF        Ref:/WORK/SYS_TOP/RegFile_U0/regArr_reg[3][1]
  Impl DFF        Imp:/WORK/SYS_TOP/RegFile_U0/regArr_reg_3__1_

  Ref  DFF        Ref:/WORK/SYS_TOP/RegFile_U0/regArr_reg[3][2]
  Impl DFF        Imp:/WORK/SYS_TOP/RegFile_U0/regArr_reg_3__2_

  Ref  DFF        Ref:/WORK/SYS_TOP/RegFile_U0/regArr_reg[3][3]
  Impl DFF        Imp:/WORK/SYS_TOP/RegFile_U0/regArr_reg_3__3_

  Ref  DFF        Ref:/WORK/SYS_TOP/RegFile_U0/regArr_reg[3][4]
  Impl DFF        Imp:/WORK/SYS_TOP/RegFile_U0/regArr_reg_3__4_

  Ref  DFF        Ref:/WORK/SYS_TOP/RegFile_U0/regArr_reg[3][5]
  Impl DFF        Imp:/WORK/SYS_TOP/RegFile_U0/regArr_reg_3__5_

  Ref  DFF        Ref:/WORK/SYS_TOP/RegFile_U0/regArr_reg[3][6]
  Impl DFF        Imp:/WORK/SYS_TOP/RegFile_U0/regArr_reg_3__6_

  Ref  DFF        Ref:/WORK/SYS_TOP/RegFile_U0/regArr_reg[3][7]
  Impl DFF        Imp:/WORK/SYS_TOP/RegFile_U0/regArr_reg_3__7_

  Ref  DFF        Ref:/WORK/SYS_TOP/RegFile_U0/regArr_reg[4][0]
  Impl DFF        Imp:/WORK/SYS_TOP/RegFile_U0/regArr_reg_4__0_

  Ref  DFF        Ref:/WORK/SYS_TOP/RegFile_U0/regArr_reg[4][1]
  Impl DFF        Imp:/WORK/SYS_TOP/RegFile_U0/regArr_reg_4__1_

  Ref  DFF        Ref:/WORK/SYS_TOP/RegFile_U0/regArr_reg[4][2]
  Impl DFF        Imp:/WORK/SYS_TOP/RegFile_U0/regArr_reg_4__2_

  Ref  DFF        Ref:/WORK/SYS_TOP/RegFile_U0/regArr_reg[4][3]
  Impl DFF        Imp:/WORK/SYS_TOP/RegFile_U0/regArr_reg_4__3_

  Ref  DFF        Ref:/WORK/SYS_TOP/RegFile_U0/regArr_reg[4][4]
  Impl DFF        Imp:/WORK/SYS_TOP/RegFile_U0/regArr_reg_4__4_

  Ref  DFF        Ref:/WORK/SYS_TOP/RegFile_U0/regArr_reg[4][5]
  Impl DFF        Imp:/WORK/SYS_TOP/RegFile_U0/regArr_reg_4__5_

  Ref  DFF        Ref:/WORK/SYS_TOP/RegFile_U0/regArr_reg[4][6]
  Impl DFF        Imp:/WORK/SYS_TOP/RegFile_U0/regArr_reg_4__6_

  Ref  DFF        Ref:/WORK/SYS_TOP/RegFile_U0/regArr_reg[4][7]
  Impl DFF        Imp:/WORK/SYS_TOP/RegFile_U0/regArr_reg_4__7_

  Ref  DFF        Ref:/WORK/SYS_TOP/RegFile_U0/regArr_reg[5][0]
  Impl DFF        Imp:/WORK/SYS_TOP/RegFile_U0/regArr_reg_5__0_

  Ref  DFF        Ref:/WORK/SYS_TOP/RegFile_U0/regArr_reg[5][1]
  Impl DFF        Imp:/WORK/SYS_TOP/RegFile_U0/regArr_reg_5__1_

  Ref  DFF        Ref:/WORK/SYS_TOP/RegFile_U0/regArr_reg[5][2]
  Impl DFF        Imp:/WORK/SYS_TOP/RegFile_U0/regArr_reg_5__2_

  Ref  DFF        Ref:/WORK/SYS_TOP/RegFile_U0/regArr_reg[5][3]
  Impl DFF        Imp:/WORK/SYS_TOP/RegFile_U0/regArr_reg_5__3_

  Ref  DFF        Ref:/WORK/SYS_TOP/RegFile_U0/regArr_reg[5][4]
  Impl DFF        Imp:/WORK/SYS_TOP/RegFile_U0/regArr_reg_5__4_

  Ref  DFF        Ref:/WORK/SYS_TOP/RegFile_U0/regArr_reg[5][5]
  Impl DFF        Imp:/WORK/SYS_TOP/RegFile_U0/regArr_reg_5__5_

  Ref  DFF        Ref:/WORK/SYS_TOP/RegFile_U0/regArr_reg[5][6]
  Impl DFF        Imp:/WORK/SYS_TOP/RegFile_U0/regArr_reg_5__6_

  Ref  DFF        Ref:/WORK/SYS_TOP/RegFile_U0/regArr_reg[5][7]
  Impl DFF        Imp:/WORK/SYS_TOP/RegFile_U0/regArr_reg_5__7_

  Ref  DFF        Ref:/WORK/SYS_TOP/RegFile_U0/regArr_reg[6][0]
  Impl DFF        Imp:/WORK/SYS_TOP/RegFile_U0/regArr_reg_6__0_

  Ref  DFF        Ref:/WORK/SYS_TOP/RegFile_U0/regArr_reg[6][1]
  Impl DFF        Imp:/WORK/SYS_TOP/RegFile_U0/regArr_reg_6__1_

  Ref  DFF        Ref:/WORK/SYS_TOP/RegFile_U0/regArr_reg[6][2]
  Impl DFF        Imp:/WORK/SYS_TOP/RegFile_U0/regArr_reg_6__2_

  Ref  DFF        Ref:/WORK/SYS_TOP/RegFile_U0/regArr_reg[6][3]
  Impl DFF        Imp:/WORK/SYS_TOP/RegFile_U0/regArr_reg_6__3_

  Ref  DFF        Ref:/WORK/SYS_TOP/RegFile_U0/regArr_reg[6][4]
  Impl DFF        Imp:/WORK/SYS_TOP/RegFile_U0/regArr_reg_6__4_

  Ref  DFF        Ref:/WORK/SYS_TOP/RegFile_U0/regArr_reg[6][5]
  Impl DFF        Imp:/WORK/SYS_TOP/RegFile_U0/regArr_reg_6__5_

  Ref  DFF        Ref:/WORK/SYS_TOP/RegFile_U0/regArr_reg[6][6]
  Impl DFF        Imp:/WORK/SYS_TOP/RegFile_U0/regArr_reg_6__6_

  Ref  DFF        Ref:/WORK/SYS_TOP/RegFile_U0/regArr_reg[6][7]
  Impl DFF        Imp:/WORK/SYS_TOP/RegFile_U0/regArr_reg_6__7_

  Ref  DFF        Ref:/WORK/SYS_TOP/RegFile_U0/regArr_reg[7][0]
  Impl DFF        Imp:/WORK/SYS_TOP/RegFile_U0/regArr_reg_7__0_

  Ref  DFF        Ref:/WORK/SYS_TOP/RegFile_U0/regArr_reg[7][1]
  Impl DFF        Imp:/WORK/SYS_TOP/RegFile_U0/regArr_reg_7__1_

  Ref  DFF        Ref:/WORK/SYS_TOP/RegFile_U0/regArr_reg[7][2]
  Impl DFF        Imp:/WORK/SYS_TOP/RegFile_U0/regArr_reg_7__2_

  Ref  DFF        Ref:/WORK/SYS_TOP/RegFile_U0/regArr_reg[7][3]
  Impl DFF        Imp:/WORK/SYS_TOP/RegFile_U0/regArr_reg_7__3_

  Ref  DFF        Ref:/WORK/SYS_TOP/RegFile_U0/regArr_reg[7][4]
  Impl DFF        Imp:/WORK/SYS_TOP/RegFile_U0/regArr_reg_7__4_

  Ref  DFF        Ref:/WORK/SYS_TOP/RegFile_U0/regArr_reg[7][5]
  Impl DFF        Imp:/WORK/SYS_TOP/RegFile_U0/regArr_reg_7__5_

  Ref  DFF        Ref:/WORK/SYS_TOP/RegFile_U0/regArr_reg[7][6]
  Impl DFF        Imp:/WORK/SYS_TOP/RegFile_U0/regArr_reg_7__6_

  Ref  DFF        Ref:/WORK/SYS_TOP/RegFile_U0/regArr_reg[7][7]
  Impl DFF        Imp:/WORK/SYS_TOP/RegFile_U0/regArr_reg_7__7_

  Ref  DFF        Ref:/WORK/SYS_TOP/RegFile_U0/regArr_reg[8][0]
  Impl DFF        Imp:/WORK/SYS_TOP/RegFile_U0/regArr_reg_8__0_

  Ref  DFF        Ref:/WORK/SYS_TOP/RegFile_U0/regArr_reg[8][1]
  Impl DFF        Imp:/WORK/SYS_TOP/RegFile_U0/regArr_reg_8__1_

  Ref  DFF        Ref:/WORK/SYS_TOP/RegFile_U0/regArr_reg[8][2]
  Impl DFF        Imp:/WORK/SYS_TOP/RegFile_U0/regArr_reg_8__2_

  Ref  DFF        Ref:/WORK/SYS_TOP/RegFile_U0/regArr_reg[8][3]
  Impl DFF        Imp:/WORK/SYS_TOP/RegFile_U0/regArr_reg_8__3_

  Ref  DFF        Ref:/WORK/SYS_TOP/RegFile_U0/regArr_reg[8][4]
  Impl DFF        Imp:/WORK/SYS_TOP/RegFile_U0/regArr_reg_8__4_

  Ref  DFF        Ref:/WORK/SYS_TOP/RegFile_U0/regArr_reg[8][5]
  Impl DFF        Imp:/WORK/SYS_TOP/RegFile_U0/regArr_reg_8__5_

  Ref  DFF        Ref:/WORK/SYS_TOP/RegFile_U0/regArr_reg[8][6]
  Impl DFF        Imp:/WORK/SYS_TOP/RegFile_U0/regArr_reg_8__6_

  Ref  DFF        Ref:/WORK/SYS_TOP/RegFile_U0/regArr_reg[8][7]
  Impl DFF        Imp:/WORK/SYS_TOP/RegFile_U0/regArr_reg_8__7_

  Ref  DFF        Ref:/WORK/SYS_TOP/RegFile_U0/regArr_reg[9][0]
  Impl DFF        Imp:/WORK/SYS_TOP/RegFile_U0/regArr_reg_9__0_

  Ref  DFF        Ref:/WORK/SYS_TOP/RegFile_U0/regArr_reg[9][1]
  Impl DFF        Imp:/WORK/SYS_TOP/RegFile_U0/regArr_reg_9__1_

  Ref  DFF        Ref:/WORK/SYS_TOP/RegFile_U0/regArr_reg[9][2]
  Impl DFF        Imp:/WORK/SYS_TOP/RegFile_U0/regArr_reg_9__2_

  Ref  DFF        Ref:/WORK/SYS_TOP/RegFile_U0/regArr_reg[9][3]
  Impl DFF        Imp:/WORK/SYS_TOP/RegFile_U0/regArr_reg_9__3_

  Ref  DFF        Ref:/WORK/SYS_TOP/RegFile_U0/regArr_reg[9][4]
  Impl DFF        Imp:/WORK/SYS_TOP/RegFile_U0/regArr_reg_9__4_

  Ref  DFF        Ref:/WORK/SYS_TOP/RegFile_U0/regArr_reg[9][5]
  Impl DFF        Imp:/WORK/SYS_TOP/RegFile_U0/regArr_reg_9__5_

  Ref  DFF        Ref:/WORK/SYS_TOP/RegFile_U0/regArr_reg[9][6]
  Impl DFF        Imp:/WORK/SYS_TOP/RegFile_U0/regArr_reg_9__6_

  Ref  DFF        Ref:/WORK/SYS_TOP/RegFile_U0/regArr_reg[9][7]
  Impl DFF        Imp:/WORK/SYS_TOP/RegFile_U0/regArr_reg_9__7_

  Ref  DFF        Ref:/WORK/SYS_TOP/U0_ClkDiv/count_reg[0]
  Impl DFF        Imp:/WORK/SYS_TOP/U0_ClkDiv/count_reg_0_

  Ref  DFF        Ref:/WORK/SYS_TOP/U0_ClkDiv/count_reg[10]
  Impl DFF        Imp:/WORK/SYS_TOP/U0_ClkDiv/count_reg_10_

  Ref  DFF        Ref:/WORK/SYS_TOP/U0_ClkDiv/count_reg[11]
  Impl DFF        Imp:/WORK/SYS_TOP/U0_ClkDiv/count_reg_11_

  Ref  DFF        Ref:/WORK/SYS_TOP/U0_ClkDiv/count_reg[12]
  Impl DFF        Imp:/WORK/SYS_TOP/U0_ClkDiv/count_reg_12_

  Ref  DFF        Ref:/WORK/SYS_TOP/U0_ClkDiv/count_reg[13]
  Impl DFF        Imp:/WORK/SYS_TOP/U0_ClkDiv/count_reg_13_

  Ref  DFF        Ref:/WORK/SYS_TOP/U0_ClkDiv/count_reg[14]
  Impl DFF        Imp:/WORK/SYS_TOP/U0_ClkDiv/count_reg_14_

  Ref  DFF        Ref:/WORK/SYS_TOP/U0_ClkDiv/count_reg[15]
  Impl DFF        Imp:/WORK/SYS_TOP/U0_ClkDiv/count_reg_15_

  Ref  DFF        Ref:/WORK/SYS_TOP/U0_ClkDiv/count_reg[16]
  Impl DFF        Imp:/WORK/SYS_TOP/U0_ClkDiv/count_reg_16_

  Ref  DFF        Ref:/WORK/SYS_TOP/U0_ClkDiv/count_reg[17]
  Impl DFF        Imp:/WORK/SYS_TOP/U0_ClkDiv/count_reg_17_

  Ref  DFF        Ref:/WORK/SYS_TOP/U0_ClkDiv/count_reg[18]
  Impl DFF        Imp:/WORK/SYS_TOP/U0_ClkDiv/count_reg_18_

  Ref  DFF        Ref:/WORK/SYS_TOP/U0_ClkDiv/count_reg[19]
  Impl DFF        Imp:/WORK/SYS_TOP/U0_ClkDiv/count_reg_19_

  Ref  DFF        Ref:/WORK/SYS_TOP/U0_ClkDiv/count_reg[1]
  Impl DFF        Imp:/WORK/SYS_TOP/U0_ClkDiv/count_reg_1_

  Ref  DFF        Ref:/WORK/SYS_TOP/U0_ClkDiv/count_reg[20]
  Impl DFF        Imp:/WORK/SYS_TOP/U0_ClkDiv/count_reg_20_

  Ref  DFF        Ref:/WORK/SYS_TOP/U0_ClkDiv/count_reg[21]
  Impl DFF        Imp:/WORK/SYS_TOP/U0_ClkDiv/count_reg_21_

  Ref  DFF        Ref:/WORK/SYS_TOP/U0_ClkDiv/count_reg[22]
  Impl DFF        Imp:/WORK/SYS_TOP/U0_ClkDiv/count_reg_22_

  Ref  DFF        Ref:/WORK/SYS_TOP/U0_ClkDiv/count_reg[23]
  Impl DFF        Imp:/WORK/SYS_TOP/U0_ClkDiv/count_reg_23_

  Ref  DFF        Ref:/WORK/SYS_TOP/U0_ClkDiv/count_reg[24]
  Impl DFF        Imp:/WORK/SYS_TOP/U0_ClkDiv/count_reg_24_

  Ref  DFF        Ref:/WORK/SYS_TOP/U0_ClkDiv/count_reg[25]
  Impl DFF        Imp:/WORK/SYS_TOP/U0_ClkDiv/count_reg_25_

  Ref  DFF        Ref:/WORK/SYS_TOP/U0_ClkDiv/count_reg[26]
  Impl DFF        Imp:/WORK/SYS_TOP/U0_ClkDiv/count_reg_26_

  Ref  DFF        Ref:/WORK/SYS_TOP/U0_ClkDiv/count_reg[27]
  Impl DFF        Imp:/WORK/SYS_TOP/U0_ClkDiv/count_reg_27_

  Ref  DFF        Ref:/WORK/SYS_TOP/U0_ClkDiv/count_reg[28]
  Impl DFF        Imp:/WORK/SYS_TOP/U0_ClkDiv/count_reg_28_

  Ref  DFF        Ref:/WORK/SYS_TOP/U0_ClkDiv/count_reg[29]
  Impl DFF        Imp:/WORK/SYS_TOP/U0_ClkDiv/count_reg_29_

  Ref  DFF        Ref:/WORK/SYS_TOP/U0_ClkDiv/count_reg[2]
  Impl DFF        Imp:/WORK/SYS_TOP/U0_ClkDiv/count_reg_2_

  Ref  DFF        Ref:/WORK/SYS_TOP/U0_ClkDiv/count_reg[30]
  Impl DFF        Imp:/WORK/SYS_TOP/U0_ClkDiv/count_reg_30_

  Ref  DFF        Ref:/WORK/SYS_TOP/U0_ClkDiv/count_reg[31]
  Impl DFF        Imp:/WORK/SYS_TOP/U0_ClkDiv/count_reg_31_

  Ref  DFF        Ref:/WORK/SYS_TOP/U0_ClkDiv/count_reg[3]
  Impl DFF        Imp:/WORK/SYS_TOP/U0_ClkDiv/count_reg_3_

  Ref  DFF        Ref:/WORK/SYS_TOP/U0_ClkDiv/count_reg[4]
  Impl DFF        Imp:/WORK/SYS_TOP/U0_ClkDiv/count_reg_4_

  Ref  DFF        Ref:/WORK/SYS_TOP/U0_ClkDiv/count_reg[5]
  Impl DFF        Imp:/WORK/SYS_TOP/U0_ClkDiv/count_reg_5_

  Ref  DFF        Ref:/WORK/SYS_TOP/U0_ClkDiv/count_reg[6]
  Impl DFF        Imp:/WORK/SYS_TOP/U0_ClkDiv/count_reg_6_

  Ref  DFF        Ref:/WORK/SYS_TOP/U0_ClkDiv/count_reg[7]
  Impl DFF        Imp:/WORK/SYS_TOP/U0_ClkDiv/count_reg_7_

  Ref  DFF        Ref:/WORK/SYS_TOP/U0_ClkDiv/count_reg[8]
  Impl DFF        Imp:/WORK/SYS_TOP/U0_ClkDiv/count_reg_8_

  Ref  DFF        Ref:/WORK/SYS_TOP/U0_ClkDiv/count_reg[9]
  Impl DFF        Imp:/WORK/SYS_TOP/U0_ClkDiv/count_reg_9_

  Ref  DFF        Ref:/WORK/SYS_TOP/U0_ClkDiv/div_clk_reg
  Impl DFF        Imp:/WORK/SYS_TOP/U0_ClkDiv/div_clk_reg

  Ref  DFF        Ref:/WORK/SYS_TOP/U0_ClkDiv/flag_reg
  Impl DFF        Imp:/WORK/SYS_TOP/U0_ClkDiv/flag_reg

  Ref  DFF        Ref:/WORK/SYS_TOP/U0_PULSE_GEN/pls_flop_reg
  Impl DFF        Imp:/WORK/SYS_TOP/U0_PULSE_GEN/pls_flop_reg

  Ref  DFF        Ref:/WORK/SYS_TOP/U0_PULSE_GEN/rcv_flop_reg
  Impl DFF        Imp:/WORK/SYS_TOP/U0_PULSE_GEN/rcv_flop_reg

  Ref  DFF        Ref:/WORK/SYS_TOP/U0_RST_SYNC/sync_reg_reg[0]
  Impl DFF        Imp:/WORK/SYS_TOP/U0_RST_SYNC/sync_reg_reg_0_

  Ref  DFF        Ref:/WORK/SYS_TOP/U0_RST_SYNC/sync_reg_reg[1]
  Impl DFF        Imp:/WORK/SYS_TOP/U0_RST_SYNC/sync_reg_reg_1_

  Ref  DFF        Ref:/WORK/SYS_TOP/U0_ref_sync/enable_flop_reg
  Impl DFF        Imp:/WORK/SYS_TOP/U0_ref_sync/enable_flop_reg

  Ref  DFF        Ref:/WORK/SYS_TOP/U0_ref_sync/enable_pulse_d_reg
  Impl DFF        Imp:/WORK/SYS_TOP/U0_ref_sync/enable_pulse_d_reg

  Ref  DFF        Ref:/WORK/SYS_TOP/U0_ref_sync/sync_bus_reg[0]
  Impl DFF        Imp:/WORK/SYS_TOP/U0_ref_sync/sync_bus_reg_0_

  Ref  DFF        Ref:/WORK/SYS_TOP/U0_ref_sync/sync_bus_reg[1]
  Impl DFF        Imp:/WORK/SYS_TOP/U0_ref_sync/sync_bus_reg_1_

  Ref  DFF        Ref:/WORK/SYS_TOP/U0_ref_sync/sync_bus_reg[2]
  Impl DFF        Imp:/WORK/SYS_TOP/U0_ref_sync/sync_bus_reg_2_

  Ref  DFF        Ref:/WORK/SYS_TOP/U0_ref_sync/sync_bus_reg[3]
  Impl DFF        Imp:/WORK/SYS_TOP/U0_ref_sync/sync_bus_reg_3_

  Ref  DFF        Ref:/WORK/SYS_TOP/U0_ref_sync/sync_bus_reg[4]
  Impl DFF        Imp:/WORK/SYS_TOP/U0_ref_sync/sync_bus_reg_4_

  Ref  DFF        Ref:/WORK/SYS_TOP/U0_ref_sync/sync_bus_reg[5]
  Impl DFF        Imp:/WORK/SYS_TOP/U0_ref_sync/sync_bus_reg_5_

  Ref  DFF        Ref:/WORK/SYS_TOP/U0_ref_sync/sync_bus_reg[6]
  Impl DFF        Imp:/WORK/SYS_TOP/U0_ref_sync/sync_bus_reg_6_

  Ref  DFF        Ref:/WORK/SYS_TOP/U0_ref_sync/sync_bus_reg[7]
  Impl DFF        Imp:/WORK/SYS_TOP/U0_ref_sync/sync_bus_reg_7_

  Ref  DFF        Ref:/WORK/SYS_TOP/U0_ref_sync/sync_reg_reg[0]
  Impl DFF        Imp:/WORK/SYS_TOP/U0_ref_sync/sync_reg_reg_0_

  Ref  DFF        Ref:/WORK/SYS_TOP/U0_ref_sync/sync_reg_reg[1]
  Impl DFF        Imp:/WORK/SYS_TOP/U0_ref_sync/sync_reg_reg_1_

  Ref  DFF        Ref:/WORK/SYS_TOP/U1_ClkDiv/count_reg[0]
  Impl DFF        Imp:/WORK/SYS_TOP/U1_ClkDiv/count_reg_0_

  Ref  DFF        Ref:/WORK/SYS_TOP/U1_ClkDiv/count_reg[10]
  Impl DFF        Imp:/WORK/SYS_TOP/U1_ClkDiv/count_reg_10_

  Ref  DFF        Ref:/WORK/SYS_TOP/U1_ClkDiv/count_reg[11]
  Impl DFF        Imp:/WORK/SYS_TOP/U1_ClkDiv/count_reg_11_

  Ref  DFF        Ref:/WORK/SYS_TOP/U1_ClkDiv/count_reg[12]
  Impl DFF        Imp:/WORK/SYS_TOP/U1_ClkDiv/count_reg_12_

  Ref  DFF        Ref:/WORK/SYS_TOP/U1_ClkDiv/count_reg[13]
  Impl DFF        Imp:/WORK/SYS_TOP/U1_ClkDiv/count_reg_13_

  Ref  DFF        Ref:/WORK/SYS_TOP/U1_ClkDiv/count_reg[14]
  Impl DFF        Imp:/WORK/SYS_TOP/U1_ClkDiv/count_reg_14_

  Ref  DFF        Ref:/WORK/SYS_TOP/U1_ClkDiv/count_reg[15]
  Impl DFF        Imp:/WORK/SYS_TOP/U1_ClkDiv/count_reg_15_

  Ref  DFF        Ref:/WORK/SYS_TOP/U1_ClkDiv/count_reg[16]
  Impl DFF        Imp:/WORK/SYS_TOP/U1_ClkDiv/count_reg_16_

  Ref  DFF        Ref:/WORK/SYS_TOP/U1_ClkDiv/count_reg[17]
  Impl DFF        Imp:/WORK/SYS_TOP/U1_ClkDiv/count_reg_17_

  Ref  DFF        Ref:/WORK/SYS_TOP/U1_ClkDiv/count_reg[18]
  Impl DFF        Imp:/WORK/SYS_TOP/U1_ClkDiv/count_reg_18_

  Ref  DFF        Ref:/WORK/SYS_TOP/U1_ClkDiv/count_reg[19]
  Impl DFF        Imp:/WORK/SYS_TOP/U1_ClkDiv/count_reg_19_

  Ref  DFF        Ref:/WORK/SYS_TOP/U1_ClkDiv/count_reg[1]
  Impl DFF        Imp:/WORK/SYS_TOP/U1_ClkDiv/count_reg_1_

  Ref  DFF        Ref:/WORK/SYS_TOP/U1_ClkDiv/count_reg[20]
  Impl DFF        Imp:/WORK/SYS_TOP/U1_ClkDiv/count_reg_20_

  Ref  DFF        Ref:/WORK/SYS_TOP/U1_ClkDiv/count_reg[21]
  Impl DFF        Imp:/WORK/SYS_TOP/U1_ClkDiv/count_reg_21_

  Ref  DFF        Ref:/WORK/SYS_TOP/U1_ClkDiv/count_reg[22]
  Impl DFF        Imp:/WORK/SYS_TOP/U1_ClkDiv/count_reg_22_

  Ref  DFF        Ref:/WORK/SYS_TOP/U1_ClkDiv/count_reg[23]
  Impl DFF        Imp:/WORK/SYS_TOP/U1_ClkDiv/count_reg_23_

  Ref  DFF        Ref:/WORK/SYS_TOP/U1_ClkDiv/count_reg[24]
  Impl DFF        Imp:/WORK/SYS_TOP/U1_ClkDiv/count_reg_24_

  Ref  DFF        Ref:/WORK/SYS_TOP/U1_ClkDiv/count_reg[25]
  Impl DFF        Imp:/WORK/SYS_TOP/U1_ClkDiv/count_reg_25_

  Ref  DFF        Ref:/WORK/SYS_TOP/U1_ClkDiv/count_reg[26]
  Impl DFF        Imp:/WORK/SYS_TOP/U1_ClkDiv/count_reg_26_

  Ref  DFF        Ref:/WORK/SYS_TOP/U1_ClkDiv/count_reg[27]
  Impl DFF        Imp:/WORK/SYS_TOP/U1_ClkDiv/count_reg_27_

  Ref  DFF        Ref:/WORK/SYS_TOP/U1_ClkDiv/count_reg[28]
  Impl DFF        Imp:/WORK/SYS_TOP/U1_ClkDiv/count_reg_28_

  Ref  DFF        Ref:/WORK/SYS_TOP/U1_ClkDiv/count_reg[29]
  Impl DFF        Imp:/WORK/SYS_TOP/U1_ClkDiv/count_reg_29_

  Ref  DFF        Ref:/WORK/SYS_TOP/U1_ClkDiv/count_reg[2]
  Impl DFF        Imp:/WORK/SYS_TOP/U1_ClkDiv/count_reg_2_

  Ref  DFF        Ref:/WORK/SYS_TOP/U1_ClkDiv/count_reg[30]
  Impl DFF        Imp:/WORK/SYS_TOP/U1_ClkDiv/count_reg_30_

  Ref  DFF        Ref:/WORK/SYS_TOP/U1_ClkDiv/count_reg[31]
  Impl DFF        Imp:/WORK/SYS_TOP/U1_ClkDiv/count_reg_31_

  Ref  DFF        Ref:/WORK/SYS_TOP/U1_ClkDiv/count_reg[3]
  Impl DFF        Imp:/WORK/SYS_TOP/U1_ClkDiv/count_reg_3_

  Ref  DFF        Ref:/WORK/SYS_TOP/U1_ClkDiv/count_reg[4]
  Impl DFF        Imp:/WORK/SYS_TOP/U1_ClkDiv/count_reg_4_

  Ref  DFF        Ref:/WORK/SYS_TOP/U1_ClkDiv/count_reg[5]
  Impl DFF        Imp:/WORK/SYS_TOP/U1_ClkDiv/count_reg_5_

  Ref  DFF        Ref:/WORK/SYS_TOP/U1_ClkDiv/count_reg[6]
  Impl DFF        Imp:/WORK/SYS_TOP/U1_ClkDiv/count_reg_6_

  Ref  DFF        Ref:/WORK/SYS_TOP/U1_ClkDiv/count_reg[7]
  Impl DFF        Imp:/WORK/SYS_TOP/U1_ClkDiv/count_reg_7_

  Ref  DFF        Ref:/WORK/SYS_TOP/U1_ClkDiv/count_reg[8]
  Impl DFF        Imp:/WORK/SYS_TOP/U1_ClkDiv/count_reg_8_

  Ref  DFF        Ref:/WORK/SYS_TOP/U1_ClkDiv/count_reg[9]
  Impl DFF        Imp:/WORK/SYS_TOP/U1_ClkDiv/count_reg_9_

  Ref  DFF        Ref:/WORK/SYS_TOP/U1_ClkDiv/div_clk_reg
  Impl DFF        Imp:/WORK/SYS_TOP/U1_ClkDiv/div_clk_reg

  Ref  DFF        Ref:/WORK/SYS_TOP/U1_ClkDiv/flag_reg
  Impl DFF        Imp:/WORK/SYS_TOP/U1_ClkDiv/flag_reg

  Ref  DFF        Ref:/WORK/SYS_TOP/U1_RST_SYNC/sync_reg_reg[0]
  Impl DFF        Imp:/WORK/SYS_TOP/U1_RST_SYNC/sync_reg_reg_0_

  Ref  DFF        Ref:/WORK/SYS_TOP/U1_RST_SYNC/sync_reg_reg[1]
  Impl DFF        Imp:/WORK/SYS_TOP/U1_RST_SYNC/sync_reg_reg_1_

  Ref  DFF        Ref:/WORK/SYS_TOP/UART_RX_TX_TOP_U0/UART_TOP_RX_UO/FSMO_U0/current_state_reg[0]
  Impl DFF        Imp:/WORK/SYS_TOP/UART_RX_TX_TOP_U0/UART_TOP_RX_UO/FSMO_U0/current_state_reg_0_

  Ref  DFF        Ref:/WORK/SYS_TOP/UART_RX_TX_TOP_U0/UART_TOP_RX_UO/FSMO_U0/current_state_reg[1]
  Impl DFF        Imp:/WORK/SYS_TOP/UART_RX_TX_TOP_U0/UART_TOP_RX_UO/FSMO_U0/current_state_reg_1_

  Ref  DFF        Ref:/WORK/SYS_TOP/UART_RX_TX_TOP_U0/UART_TOP_RX_UO/FSMO_U0/current_state_reg[2]
  Impl DFF        Imp:/WORK/SYS_TOP/UART_RX_TX_TOP_U0/UART_TOP_RX_UO/FSMO_U0/current_state_reg_2_

  Ref  DFF        Ref:/WORK/SYS_TOP/UART_RX_TX_TOP_U0/UART_TOP_RX_UO/Parity_check_UO/par_err_reg
  Impl DFF        Imp:/WORK/SYS_TOP/UART_RX_TX_TOP_U0/UART_TOP_RX_UO/Parity_check_UO/par_err_reg

  Ref  DFF        Ref:/WORK/SYS_TOP/UART_RX_TX_TOP_U0/UART_TOP_RX_UO/data_sampling_U0/sample_ready_reg
  Impl DFF        Imp:/WORK/SYS_TOP/UART_RX_TX_TOP_U0/UART_TOP_RX_UO/data_sampling_U0/sample_ready_reg

  Ref  DFF        Ref:/WORK/SYS_TOP/UART_RX_TX_TOP_U0/UART_TOP_RX_UO/data_sampling_U0/sampled_bit_reg
  Impl DFF        Imp:/WORK/SYS_TOP/UART_RX_TX_TOP_U0/UART_TOP_RX_UO/data_sampling_U0/sampled_bit_reg

  Ref  DFF        Ref:/WORK/SYS_TOP/UART_RX_TX_TOP_U0/UART_TOP_RX_UO/data_sampling_U0/samples_reg[0]
  Impl DFF        Imp:/WORK/SYS_TOP/UART_RX_TX_TOP_U0/UART_TOP_RX_UO/data_sampling_U0/samples_reg_0_

  Ref  DFF        Ref:/WORK/SYS_TOP/UART_RX_TX_TOP_U0/UART_TOP_RX_UO/data_sampling_U0/samples_reg[1]
  Impl DFF        Imp:/WORK/SYS_TOP/UART_RX_TX_TOP_U0/UART_TOP_RX_UO/data_sampling_U0/samples_reg_1_

  Ref  DFF        Ref:/WORK/SYS_TOP/UART_RX_TX_TOP_U0/UART_TOP_RX_UO/data_sampling_U0/samples_reg[2]
  Impl DFF        Imp:/WORK/SYS_TOP/UART_RX_TX_TOP_U0/UART_TOP_RX_UO/data_sampling_U0/samples_reg_2_

  Ref  DFF        Ref:/WORK/SYS_TOP/UART_RX_TX_TOP_U0/UART_TOP_RX_UO/deserializer_U0/shift_reg_reg[0]
  Impl DFF        Imp:/WORK/SYS_TOP/UART_RX_TX_TOP_U0/UART_TOP_RX_UO/deserializer_U0/shift_reg_reg_0_

  Ref  DFF        Ref:/WORK/SYS_TOP/UART_RX_TX_TOP_U0/UART_TOP_RX_UO/deserializer_U0/shift_reg_reg[1]
  Impl DFF        Imp:/WORK/SYS_TOP/UART_RX_TX_TOP_U0/UART_TOP_RX_UO/deserializer_U0/shift_reg_reg_1_

  Ref  DFF        Ref:/WORK/SYS_TOP/UART_RX_TX_TOP_U0/UART_TOP_RX_UO/deserializer_U0/shift_reg_reg[2]
  Impl DFF        Imp:/WORK/SYS_TOP/UART_RX_TX_TOP_U0/UART_TOP_RX_UO/deserializer_U0/shift_reg_reg_2_

  Ref  DFF        Ref:/WORK/SYS_TOP/UART_RX_TX_TOP_U0/UART_TOP_RX_UO/deserializer_U0/shift_reg_reg[3]
  Impl DFF        Imp:/WORK/SYS_TOP/UART_RX_TX_TOP_U0/UART_TOP_RX_UO/deserializer_U0/shift_reg_reg_3_

  Ref  DFF        Ref:/WORK/SYS_TOP/UART_RX_TX_TOP_U0/UART_TOP_RX_UO/deserializer_U0/shift_reg_reg[4]
  Impl DFF        Imp:/WORK/SYS_TOP/UART_RX_TX_TOP_U0/UART_TOP_RX_UO/deserializer_U0/shift_reg_reg_4_

  Ref  DFF        Ref:/WORK/SYS_TOP/UART_RX_TX_TOP_U0/UART_TOP_RX_UO/deserializer_U0/shift_reg_reg[5]
  Impl DFF        Imp:/WORK/SYS_TOP/UART_RX_TX_TOP_U0/UART_TOP_RX_UO/deserializer_U0/shift_reg_reg_5_

  Ref  DFF        Ref:/WORK/SYS_TOP/UART_RX_TX_TOP_U0/UART_TOP_RX_UO/deserializer_U0/shift_reg_reg[6]
  Impl DFF        Imp:/WORK/SYS_TOP/UART_RX_TX_TOP_U0/UART_TOP_RX_UO/deserializer_U0/shift_reg_reg_6_

  Ref  DFF        Ref:/WORK/SYS_TOP/UART_RX_TX_TOP_U0/UART_TOP_RX_UO/deserializer_U0/shift_reg_reg[7]
  Impl DFF        Imp:/WORK/SYS_TOP/UART_RX_TX_TOP_U0/UART_TOP_RX_UO/deserializer_U0/shift_reg_reg_7_

  Ref  DFF        Ref:/WORK/SYS_TOP/UART_RX_TX_TOP_U0/UART_TOP_RX_UO/edge_bit_count_U0/bit_cnt_reg[0]
  Impl DFF        Imp:/WORK/SYS_TOP/UART_RX_TX_TOP_U0/UART_TOP_RX_UO/edge_bit_count_U0/bit_cnt_reg_0_

  Ref  DFF        Ref:/WORK/SYS_TOP/UART_RX_TX_TOP_U0/UART_TOP_RX_UO/edge_bit_count_U0/bit_cnt_reg[1]
  Impl DFF        Imp:/WORK/SYS_TOP/UART_RX_TX_TOP_U0/UART_TOP_RX_UO/edge_bit_count_U0/bit_cnt_reg_1_

  Ref  DFF        Ref:/WORK/SYS_TOP/UART_RX_TX_TOP_U0/UART_TOP_RX_UO/edge_bit_count_U0/bit_cnt_reg[2]
  Impl DFF        Imp:/WORK/SYS_TOP/UART_RX_TX_TOP_U0/UART_TOP_RX_UO/edge_bit_count_U0/bit_cnt_reg_2_

  Ref  DFF        Ref:/WORK/SYS_TOP/UART_RX_TX_TOP_U0/UART_TOP_RX_UO/edge_bit_count_U0/bit_cnt_reg[3]
  Impl DFF        Imp:/WORK/SYS_TOP/UART_RX_TX_TOP_U0/UART_TOP_RX_UO/edge_bit_count_U0/bit_cnt_reg_3_

  Ref  DFF        Ref:/WORK/SYS_TOP/UART_RX_TX_TOP_U0/UART_TOP_RX_UO/edge_bit_count_U0/edge_cnt_reg[0]
  Impl DFF        Imp:/WORK/SYS_TOP/UART_RX_TX_TOP_U0/UART_TOP_RX_UO/edge_bit_count_U0/edge_cnt_reg_0_

  Ref  DFF        Ref:/WORK/SYS_TOP/UART_RX_TX_TOP_U0/UART_TOP_RX_UO/edge_bit_count_U0/edge_cnt_reg[1]
  Impl DFF        Imp:/WORK/SYS_TOP/UART_RX_TX_TOP_U0/UART_TOP_RX_UO/edge_bit_count_U0/edge_cnt_reg_1_

  Ref  DFF        Ref:/WORK/SYS_TOP/UART_RX_TX_TOP_U0/UART_TOP_RX_UO/edge_bit_count_U0/edge_cnt_reg[2]
  Impl DFF        Imp:/WORK/SYS_TOP/UART_RX_TX_TOP_U0/UART_TOP_RX_UO/edge_bit_count_U0/edge_cnt_reg_2_

  Ref  DFF        Ref:/WORK/SYS_TOP/UART_RX_TX_TOP_U0/UART_TOP_RX_UO/edge_bit_count_U0/edge_cnt_reg[3]
  Impl DFF        Imp:/WORK/SYS_TOP/UART_RX_TX_TOP_U0/UART_TOP_RX_UO/edge_bit_count_U0/edge_cnt_reg_3_

  Ref  DFF        Ref:/WORK/SYS_TOP/UART_RX_TX_TOP_U0/UART_TOP_RX_UO/edge_bit_count_U0/edge_cnt_reg[4]
  Impl DFF        Imp:/WORK/SYS_TOP/UART_RX_TX_TOP_U0/UART_TOP_RX_UO/edge_bit_count_U0/edge_cnt_reg_4_

  Ref  DFF        Ref:/WORK/SYS_TOP/UART_RX_TX_TOP_U0/UART_TOP_RX_UO/edge_bit_count_U0/edge_cnt_reg[5]
  Impl DFF        Imp:/WORK/SYS_TOP/UART_RX_TX_TOP_U0/UART_TOP_RX_UO/edge_bit_count_U0/edge_cnt_reg_5_

  Ref  DFF        Ref:/WORK/SYS_TOP/UART_RX_TX_TOP_U0/UART_TOP_RX_UO/stop_check_U0/stp_err_reg
  Impl DFF        Imp:/WORK/SYS_TOP/UART_RX_TX_TOP_U0/UART_TOP_RX_UO/stop_check_U0/stp_err_reg

  Ref  DFF        Ref:/WORK/SYS_TOP/UART_RX_TX_TOP_U0/UART_TOP_RX_UO/strt_check_U0/strt_glitch_reg
  Impl DFF        Imp:/WORK/SYS_TOP/UART_RX_TX_TOP_U0/UART_TOP_RX_UO/strt_check_U0/strt_glitch_reg

  Ref  DFF        Ref:/WORK/SYS_TOP/UART_RX_TX_TOP_U0/UART_TX_TOP_U0/parity/par_bit_reg
  Impl DFF        Imp:/WORK/SYS_TOP/UART_RX_TX_TOP_U0/UART_TX_TOP_U0/parity/par_bit_reg

  Ref  DFF        Ref:/WORK/SYS_TOP/UART_RX_TX_TOP_U0/UART_TX_TOP_U0/ser/Counter_reg[0]
  Impl DFF        Imp:/WORK/SYS_TOP/UART_RX_TX_TOP_U0/UART_TX_TOP_U0/ser/Counter_reg_0_

  Ref  DFF        Ref:/WORK/SYS_TOP/UART_RX_TX_TOP_U0/UART_TX_TOP_U0/ser/Counter_reg[10]
  Impl DFF        Imp:/WORK/SYS_TOP/UART_RX_TX_TOP_U0/UART_TX_TOP_U0/ser/Counter_reg_10_

  Ref  DFF        Ref:/WORK/SYS_TOP/UART_RX_TX_TOP_U0/UART_TX_TOP_U0/ser/Counter_reg[11]
  Impl DFF        Imp:/WORK/SYS_TOP/UART_RX_TX_TOP_U0/UART_TX_TOP_U0/ser/Counter_reg_11_

  Ref  DFF        Ref:/WORK/SYS_TOP/UART_RX_TX_TOP_U0/UART_TX_TOP_U0/ser/Counter_reg[12]
  Impl DFF        Imp:/WORK/SYS_TOP/UART_RX_TX_TOP_U0/UART_TX_TOP_U0/ser/Counter_reg_12_

  Ref  DFF        Ref:/WORK/SYS_TOP/UART_RX_TX_TOP_U0/UART_TX_TOP_U0/ser/Counter_reg[13]
  Impl DFF        Imp:/WORK/SYS_TOP/UART_RX_TX_TOP_U0/UART_TX_TOP_U0/ser/Counter_reg_13_

  Ref  DFF        Ref:/WORK/SYS_TOP/UART_RX_TX_TOP_U0/UART_TX_TOP_U0/ser/Counter_reg[14]
  Impl DFF        Imp:/WORK/SYS_TOP/UART_RX_TX_TOP_U0/UART_TX_TOP_U0/ser/Counter_reg_14_

  Ref  DFF        Ref:/WORK/SYS_TOP/UART_RX_TX_TOP_U0/UART_TX_TOP_U0/ser/Counter_reg[15]
  Impl DFF        Imp:/WORK/SYS_TOP/UART_RX_TX_TOP_U0/UART_TX_TOP_U0/ser/Counter_reg_15_

  Ref  DFF        Ref:/WORK/SYS_TOP/UART_RX_TX_TOP_U0/UART_TX_TOP_U0/ser/Counter_reg[16]
  Impl DFF        Imp:/WORK/SYS_TOP/UART_RX_TX_TOP_U0/UART_TX_TOP_U0/ser/Counter_reg_16_

  Ref  DFF        Ref:/WORK/SYS_TOP/UART_RX_TX_TOP_U0/UART_TX_TOP_U0/ser/Counter_reg[17]
  Impl DFF        Imp:/WORK/SYS_TOP/UART_RX_TX_TOP_U0/UART_TX_TOP_U0/ser/Counter_reg_17_

  Ref  DFF        Ref:/WORK/SYS_TOP/UART_RX_TX_TOP_U0/UART_TX_TOP_U0/ser/Counter_reg[18]
  Impl DFF        Imp:/WORK/SYS_TOP/UART_RX_TX_TOP_U0/UART_TX_TOP_U0/ser/Counter_reg_18_

  Ref  DFF        Ref:/WORK/SYS_TOP/UART_RX_TX_TOP_U0/UART_TX_TOP_U0/ser/Counter_reg[19]
  Impl DFF        Imp:/WORK/SYS_TOP/UART_RX_TX_TOP_U0/UART_TX_TOP_U0/ser/Counter_reg_19_

  Ref  DFF        Ref:/WORK/SYS_TOP/UART_RX_TX_TOP_U0/UART_TX_TOP_U0/ser/Counter_reg[1]
  Impl DFF        Imp:/WORK/SYS_TOP/UART_RX_TX_TOP_U0/UART_TX_TOP_U0/ser/Counter_reg_1_

  Ref  DFF        Ref:/WORK/SYS_TOP/UART_RX_TX_TOP_U0/UART_TX_TOP_U0/ser/Counter_reg[20]
  Impl DFF        Imp:/WORK/SYS_TOP/UART_RX_TX_TOP_U0/UART_TX_TOP_U0/ser/Counter_reg_20_

  Ref  DFF        Ref:/WORK/SYS_TOP/UART_RX_TX_TOP_U0/UART_TX_TOP_U0/ser/Counter_reg[21]
  Impl DFF        Imp:/WORK/SYS_TOP/UART_RX_TX_TOP_U0/UART_TX_TOP_U0/ser/Counter_reg_21_

  Ref  DFF        Ref:/WORK/SYS_TOP/UART_RX_TX_TOP_U0/UART_TX_TOP_U0/ser/Counter_reg[22]
  Impl DFF        Imp:/WORK/SYS_TOP/UART_RX_TX_TOP_U0/UART_TX_TOP_U0/ser/Counter_reg_22_

  Ref  DFF        Ref:/WORK/SYS_TOP/UART_RX_TX_TOP_U0/UART_TX_TOP_U0/ser/Counter_reg[23]
  Impl DFF        Imp:/WORK/SYS_TOP/UART_RX_TX_TOP_U0/UART_TX_TOP_U0/ser/Counter_reg_23_

  Ref  DFF        Ref:/WORK/SYS_TOP/UART_RX_TX_TOP_U0/UART_TX_TOP_U0/ser/Counter_reg[24]
  Impl DFF        Imp:/WORK/SYS_TOP/UART_RX_TX_TOP_U0/UART_TX_TOP_U0/ser/Counter_reg_24_

  Ref  DFF        Ref:/WORK/SYS_TOP/UART_RX_TX_TOP_U0/UART_TX_TOP_U0/ser/Counter_reg[25]
  Impl DFF        Imp:/WORK/SYS_TOP/UART_RX_TX_TOP_U0/UART_TX_TOP_U0/ser/Counter_reg_25_

  Ref  DFF        Ref:/WORK/SYS_TOP/UART_RX_TX_TOP_U0/UART_TX_TOP_U0/ser/Counter_reg[26]
  Impl DFF        Imp:/WORK/SYS_TOP/UART_RX_TX_TOP_U0/UART_TX_TOP_U0/ser/Counter_reg_26_

  Ref  DFF        Ref:/WORK/SYS_TOP/UART_RX_TX_TOP_U0/UART_TX_TOP_U0/ser/Counter_reg[27]
  Impl DFF        Imp:/WORK/SYS_TOP/UART_RX_TX_TOP_U0/UART_TX_TOP_U0/ser/Counter_reg_27_

  Ref  DFF        Ref:/WORK/SYS_TOP/UART_RX_TX_TOP_U0/UART_TX_TOP_U0/ser/Counter_reg[28]
  Impl DFF        Imp:/WORK/SYS_TOP/UART_RX_TX_TOP_U0/UART_TX_TOP_U0/ser/Counter_reg_28_

  Ref  DFF        Ref:/WORK/SYS_TOP/UART_RX_TX_TOP_U0/UART_TX_TOP_U0/ser/Counter_reg[29]
  Impl DFF        Imp:/WORK/SYS_TOP/UART_RX_TX_TOP_U0/UART_TX_TOP_U0/ser/Counter_reg_29_

  Ref  DFF        Ref:/WORK/SYS_TOP/UART_RX_TX_TOP_U0/UART_TX_TOP_U0/ser/Counter_reg[2]
  Impl DFF        Imp:/WORK/SYS_TOP/UART_RX_TX_TOP_U0/UART_TX_TOP_U0/ser/Counter_reg_2_

  Ref  DFF        Ref:/WORK/SYS_TOP/UART_RX_TX_TOP_U0/UART_TX_TOP_U0/ser/Counter_reg[30]
  Impl DFF        Imp:/WORK/SYS_TOP/UART_RX_TX_TOP_U0/UART_TX_TOP_U0/ser/Counter_reg_30_

  Ref  DFF        Ref:/WORK/SYS_TOP/UART_RX_TX_TOP_U0/UART_TX_TOP_U0/ser/Counter_reg[31]
  Impl DFF        Imp:/WORK/SYS_TOP/UART_RX_TX_TOP_U0/UART_TX_TOP_U0/ser/Counter_reg_31_

  Ref  DFF        Ref:/WORK/SYS_TOP/UART_RX_TX_TOP_U0/UART_TX_TOP_U0/ser/Counter_reg[3]
  Impl DFF        Imp:/WORK/SYS_TOP/UART_RX_TX_TOP_U0/UART_TX_TOP_U0/ser/Counter_reg_3_

  Ref  DFF        Ref:/WORK/SYS_TOP/UART_RX_TX_TOP_U0/UART_TX_TOP_U0/ser/Counter_reg[4]
  Impl DFF        Imp:/WORK/SYS_TOP/UART_RX_TX_TOP_U0/UART_TX_TOP_U0/ser/Counter_reg_4_

  Ref  DFF        Ref:/WORK/SYS_TOP/UART_RX_TX_TOP_U0/UART_TX_TOP_U0/ser/Counter_reg[5]
  Impl DFF        Imp:/WORK/SYS_TOP/UART_RX_TX_TOP_U0/UART_TX_TOP_U0/ser/Counter_reg_5_

  Ref  DFF        Ref:/WORK/SYS_TOP/UART_RX_TX_TOP_U0/UART_TX_TOP_U0/ser/Counter_reg[6]
  Impl DFF        Imp:/WORK/SYS_TOP/UART_RX_TX_TOP_U0/UART_TX_TOP_U0/ser/Counter_reg_6_

  Ref  DFF        Ref:/WORK/SYS_TOP/UART_RX_TX_TOP_U0/UART_TX_TOP_U0/ser/Counter_reg[7]
  Impl DFF        Imp:/WORK/SYS_TOP/UART_RX_TX_TOP_U0/UART_TX_TOP_U0/ser/Counter_reg_7_

  Ref  DFF        Ref:/WORK/SYS_TOP/UART_RX_TX_TOP_U0/UART_TX_TOP_U0/ser/Counter_reg[8]
  Impl DFF        Imp:/WORK/SYS_TOP/UART_RX_TX_TOP_U0/UART_TX_TOP_U0/ser/Counter_reg_8_

  Ref  DFF        Ref:/WORK/SYS_TOP/UART_RX_TX_TOP_U0/UART_TX_TOP_U0/ser/Counter_reg[9]
  Impl DFF        Imp:/WORK/SYS_TOP/UART_RX_TX_TOP_U0/UART_TX_TOP_U0/ser/Counter_reg_9_

  Ref  DFF        Ref:/WORK/SYS_TOP/UART_RX_TX_TOP_U0/UART_TX_TOP_U0/ser/LFSR_reg[0]
  Impl DFF        Imp:/WORK/SYS_TOP/UART_RX_TX_TOP_U0/UART_TX_TOP_U0/ser/LFSR_reg_0_

  Ref  DFF        Ref:/WORK/SYS_TOP/UART_RX_TX_TOP_U0/UART_TX_TOP_U0/ser/LFSR_reg[1]
  Impl DFF        Imp:/WORK/SYS_TOP/UART_RX_TX_TOP_U0/UART_TX_TOP_U0/ser/LFSR_reg_1_

  Ref  DFF        Ref:/WORK/SYS_TOP/UART_RX_TX_TOP_U0/UART_TX_TOP_U0/ser/LFSR_reg[2]
  Impl DFF        Imp:/WORK/SYS_TOP/UART_RX_TX_TOP_U0/UART_TX_TOP_U0/ser/LFSR_reg_2_

  Ref  DFF        Ref:/WORK/SYS_TOP/UART_RX_TX_TOP_U0/UART_TX_TOP_U0/ser/LFSR_reg[3]
  Impl DFF        Imp:/WORK/SYS_TOP/UART_RX_TX_TOP_U0/UART_TX_TOP_U0/ser/LFSR_reg_3_

  Ref  DFF        Ref:/WORK/SYS_TOP/UART_RX_TX_TOP_U0/UART_TX_TOP_U0/ser/LFSR_reg[4]
  Impl DFF        Imp:/WORK/SYS_TOP/UART_RX_TX_TOP_U0/UART_TX_TOP_U0/ser/LFSR_reg_4_

  Ref  DFF        Ref:/WORK/SYS_TOP/UART_RX_TX_TOP_U0/UART_TX_TOP_U0/ser/LFSR_reg[5]
  Impl DFF        Imp:/WORK/SYS_TOP/UART_RX_TX_TOP_U0/UART_TX_TOP_U0/ser/LFSR_reg_5_

  Ref  DFF        Ref:/WORK/SYS_TOP/UART_RX_TX_TOP_U0/UART_TX_TOP_U0/ser/LFSR_reg[6]
  Impl DFF        Imp:/WORK/SYS_TOP/UART_RX_TX_TOP_U0/UART_TX_TOP_U0/ser/LFSR_reg_6_

  Ref  DFF        Ref:/WORK/SYS_TOP/UART_RX_TX_TOP_U0/UART_TX_TOP_U0/ser/LFSR_reg[7]
  Impl DFF        Imp:/WORK/SYS_TOP/UART_RX_TX_TOP_U0/UART_TX_TOP_U0/ser/LFSR_reg_7_

  Ref  DFF        Ref:/WORK/SYS_TOP/UART_RX_TX_TOP_U0/UART_TX_TOP_U0/ser/ser_data_reg
  Impl DFF        Imp:/WORK/SYS_TOP/UART_RX_TX_TOP_U0/UART_TX_TOP_U0/ser/ser_data_reg

  Ref  DFF        Ref:/WORK/SYS_TOP/UART_RX_TX_TOP_U0/UART_TX_TOP_U0/ser/ser_done_reg
  Impl DFF        Imp:/WORK/SYS_TOP/UART_RX_TX_TOP_U0/UART_TX_TOP_U0/ser/ser_done_reg

  Ref  DFF        Ref:/WORK/SYS_TOP/UART_RX_TX_TOP_U0/UART_TX_TOP_U0/uart/current_state_reg[0]
  Impl DFF        Imp:/WORK/SYS_TOP/UART_RX_TX_TOP_U0/UART_TX_TOP_U0/uart/current_state_reg_0_

  Ref  DFF        Ref:/WORK/SYS_TOP/UART_RX_TX_TOP_U0/UART_TX_TOP_U0/uart/current_state_reg[1]
  Impl DFF        Imp:/WORK/SYS_TOP/UART_RX_TX_TOP_U0/UART_TX_TOP_U0/uart/current_state_reg_1_

  Ref  DFF        Ref:/WORK/SYS_TOP/sys_ctrl_U0/ALU_FUN_reg[0]
  Impl DFF        Imp:/WORK/SYS_TOP/sys_ctrl_U0/ALU_FUN_reg_0_

  Ref  DFF        Ref:/WORK/SYS_TOP/sys_ctrl_U0/ALU_FUN_reg[1]
  Impl DFF        Imp:/WORK/SYS_TOP/sys_ctrl_U0/ALU_FUN_reg_1_

  Ref  DFF        Ref:/WORK/SYS_TOP/sys_ctrl_U0/ALU_FUN_reg[2]
  Impl DFF        Imp:/WORK/SYS_TOP/sys_ctrl_U0/ALU_FUN_reg_2_

  Ref  DFF        Ref:/WORK/SYS_TOP/sys_ctrl_U0/ALU_FUN_reg[3]
  Impl DFF        Imp:/WORK/SYS_TOP/sys_ctrl_U0/ALU_FUN_reg_3_

  Ref  DFF        Ref:/WORK/SYS_TOP/sys_ctrl_U0/Address_reg[0]
  Impl DFF        Imp:/WORK/SYS_TOP/sys_ctrl_U0/Address_reg_0_

  Ref  DFF        Ref:/WORK/SYS_TOP/sys_ctrl_U0/Address_reg[1]
  Impl DFF        Imp:/WORK/SYS_TOP/sys_ctrl_U0/Address_reg_1_

  Ref  DFF        Ref:/WORK/SYS_TOP/sys_ctrl_U0/Address_reg[2]
  Impl DFF        Imp:/WORK/SYS_TOP/sys_ctrl_U0/Address_reg_2_

  Ref  DFF        Ref:/WORK/SYS_TOP/sys_ctrl_U0/Address_reg[3]
  Impl DFF        Imp:/WORK/SYS_TOP/sys_ctrl_U0/Address_reg_3_

  Ref  DFF        Ref:/WORK/SYS_TOP/sys_ctrl_U0/EN_reg
  Impl DFF        Imp:/WORK/SYS_TOP/sys_ctrl_U0/EN_reg

  Ref  DFF        Ref:/WORK/SYS_TOP/sys_ctrl_U0/Gate_EN_reg
  Impl DFF        Imp:/WORK/SYS_TOP/sys_ctrl_U0/Gate_EN_reg

  Ref  DFF        Ref:/WORK/SYS_TOP/sys_ctrl_U0/RdEn_reg
  Impl DFF        Imp:/WORK/SYS_TOP/sys_ctrl_U0/RdEn_reg

  Ref  DFF        Ref:/WORK/SYS_TOP/sys_ctrl_U0/TX_D_VLD_reg
  Impl DFF        Imp:/WORK/SYS_TOP/sys_ctrl_U0/TX_D_VLD_reg

  Ref  DFF        Ref:/WORK/SYS_TOP/sys_ctrl_U0/TX_P_DATA_reg[0]
  Impl DFF        Imp:/WORK/SYS_TOP/sys_ctrl_U0/TX_P_DATA_reg_0_

  Ref  DFF        Ref:/WORK/SYS_TOP/sys_ctrl_U0/TX_P_DATA_reg[1]
  Impl DFF        Imp:/WORK/SYS_TOP/sys_ctrl_U0/TX_P_DATA_reg_1_

  Ref  DFF        Ref:/WORK/SYS_TOP/sys_ctrl_U0/TX_P_DATA_reg[2]
  Impl DFF        Imp:/WORK/SYS_TOP/sys_ctrl_U0/TX_P_DATA_reg_2_

  Ref  DFF        Ref:/WORK/SYS_TOP/sys_ctrl_U0/TX_P_DATA_reg[3]
  Impl DFF        Imp:/WORK/SYS_TOP/sys_ctrl_U0/TX_P_DATA_reg_3_

  Ref  DFF        Ref:/WORK/SYS_TOP/sys_ctrl_U0/TX_P_DATA_reg[4]
  Impl DFF        Imp:/WORK/SYS_TOP/sys_ctrl_U0/TX_P_DATA_reg_4_

  Ref  DFF        Ref:/WORK/SYS_TOP/sys_ctrl_U0/TX_P_DATA_reg[5]
  Impl DFF        Imp:/WORK/SYS_TOP/sys_ctrl_U0/TX_P_DATA_reg_5_

  Ref  DFF        Ref:/WORK/SYS_TOP/sys_ctrl_U0/TX_P_DATA_reg[6]
  Impl DFF        Imp:/WORK/SYS_TOP/sys_ctrl_U0/TX_P_DATA_reg_6_

  Ref  DFF        Ref:/WORK/SYS_TOP/sys_ctrl_U0/TX_P_DATA_reg[7]
  Impl DFF        Imp:/WORK/SYS_TOP/sys_ctrl_U0/TX_P_DATA_reg_7_

  Ref  DFF        Ref:/WORK/SYS_TOP/sys_ctrl_U0/WrData_reg[0]
  Impl DFF        Imp:/WORK/SYS_TOP/sys_ctrl_U0/WrData_reg_0_

  Ref  DFF        Ref:/WORK/SYS_TOP/sys_ctrl_U0/WrData_reg[1]
  Impl DFF        Imp:/WORK/SYS_TOP/sys_ctrl_U0/WrData_reg_1_

  Ref  DFF        Ref:/WORK/SYS_TOP/sys_ctrl_U0/WrData_reg[2]
  Impl DFF        Imp:/WORK/SYS_TOP/sys_ctrl_U0/WrData_reg_2_

  Ref  DFF        Ref:/WORK/SYS_TOP/sys_ctrl_U0/WrData_reg[3]
  Impl DFF        Imp:/WORK/SYS_TOP/sys_ctrl_U0/WrData_reg_3_

  Ref  DFF        Ref:/WORK/SYS_TOP/sys_ctrl_U0/WrData_reg[4]
  Impl DFF        Imp:/WORK/SYS_TOP/sys_ctrl_U0/WrData_reg_4_

  Ref  DFF        Ref:/WORK/SYS_TOP/sys_ctrl_U0/WrData_reg[5]
  Impl DFF        Imp:/WORK/SYS_TOP/sys_ctrl_U0/WrData_reg_5_

  Ref  DFF        Ref:/WORK/SYS_TOP/sys_ctrl_U0/WrData_reg[6]
  Impl DFF        Imp:/WORK/SYS_TOP/sys_ctrl_U0/WrData_reg_6_

  Ref  DFF        Ref:/WORK/SYS_TOP/sys_ctrl_U0/WrData_reg[7]
  Impl DFF        Imp:/WORK/SYS_TOP/sys_ctrl_U0/WrData_reg_7_

  Ref  DFF        Ref:/WORK/SYS_TOP/sys_ctrl_U0/WrEn_reg
  Impl DFF        Imp:/WORK/SYS_TOP/sys_ctrl_U0/WrEn_reg

  Ref  DFF        Ref:/WORK/SYS_TOP/sys_ctrl_U0/current_state_reg[0]
  Impl DFF        Imp:/WORK/SYS_TOP/sys_ctrl_U0/current_state_reg_0_

  Ref  DFF        Ref:/WORK/SYS_TOP/sys_ctrl_U0/current_state_reg[1]
  Impl DFF        Imp:/WORK/SYS_TOP/sys_ctrl_U0/current_state_reg_1_

  Ref  DFF        Ref:/WORK/SYS_TOP/sys_ctrl_U0/current_state_reg[2]
  Impl DFF        Imp:/WORK/SYS_TOP/sys_ctrl_U0/current_state_reg_2_

  Ref  DFF        Ref:/WORK/SYS_TOP/sys_ctrl_U0/current_state_reg[3]
  Impl DFF        Imp:/WORK/SYS_TOP/sys_ctrl_U0/current_state_reg_3_

  Ref  DFF        Ref:/WORK/SYS_TOP/sys_ctrl_U0/is_ALU_operation_seq_reg
  Impl DFF        Imp:/WORK/SYS_TOP/sys_ctrl_U0/is_ALU_operation_seq_reg

  Ref  DFF        Ref:/WORK/SYS_TOP/sys_ctrl_U0/op_A_flag_seq_reg
  Impl DFF        Imp:/WORK/SYS_TOP/sys_ctrl_U0/op_A_flag_seq_reg

  Ref  DFF        Ref:/WORK/SYS_TOP/sys_ctrl_U0/op_B_flag_seq_reg
  Impl DFF        Imp:/WORK/SYS_TOP/sys_ctrl_U0/op_B_flag_seq_reg

  Ref  Port       Ref:/WORK/SYS_TOP/TX_OUT
  Impl Port       Imp:/WORK/SYS_TOP/TX_OUT

 [BBNet: multiply-driven net
  BBPin: black-box pin
  Cut:   cut-point
  DFF:   non-constant DFF register
  DFF0:  constant 0 DFF register
  DFF1:  constant 1 DFF register
  DFFX:  constant X DFF register
  DFF0X: constrained 0X DFF register
  DFF1X: constrained 1X DFF register
  LAT:   non-constant latch register
  LAT0:  constant 0 latch register
  LAT1:  constant 1 latch register
  LATX:  constant X latch register
  LAT0X: constrained 0X latch register
  LAT1X: constrained 1X latch register
  LATCG: clock-gating latch register
  TLA:   transparent latch register
  TLA0X: transparent constrained 0X latch register
  TLA1X: transparent constrained 1X latch register
  Loop:  cycle break point
  Port:  primary (top-level) port
  Und:   undriven signal cut-point
  Unk:   unknown signal cut-point]

1
